<?xml version="1.0" encoding="UTF-8"?>
<testsuites name="TestAddProduct" time="29" tests="2" failures="0" errors="0">
   <testsuite name="TestAddProduct" tests="2" failures="0" errors="0" time="29" timestamp="2018-05-09 12:31:32" hostname="weapon - 10.80.153.230" id="Test Suites/TestAddProduct">
      <properties>
         <property name="deviceName" value=""/>
         <property name="devicePlatform" value=""/>
         <property name="logFolder" value="C:\\Users\\weapon\\Desktop\\SE234-project\\Reports\\TestAddProduct\\20180509_123129"/>
         <property name="logFiles" value="C:\\Users\\weapon\\Desktop\\SE234-project\\Reports\\TestAddProduct\\20180509_123129\\execution0.log"/>
         <property name="attachments" value=""/>
         <property name="hostName" value="weapon - 10.80.153.230"/>
         <property name="os" value="Windows 10 64bit"/>
         <property name="katalonVersion" value="5.3.1.1"/>
         <property name="browser" value="Chrome 65.0.3325.181"/>
         <property name="hostAddress" value="10.80.153.230"/>
         <property name="sessionId" value="1ab2b00e1efd74865a1882eaa5bd2ac9"/>
         <property name="seleniumVersion" value="3.7.1"/>
         <property name="proxyInformation" value="ProxyInformation{proxyOption=NO_PROXY, proxyServerType=HTTP, password=, proxyServerAddress=, proxyServerPort=0}"/>
         <property name="platform" value="Windows 10"/>
      </properties>
      <testcase name="Test Cases/TESTCASE-B" classname="Test Cases/TESTCASE-B" status="PASSED">
         <system-out><![CDATA[2018-05-09 12:31:33 - [TEST_CASE][PASSED] - Test Cases/TESTCASE-B: Test Cases/TESTCASE-B

2018-05-09 12:31:33 - [TEST_STEP][PASSED] - openBrowser: Browser is opened with url: ''

2018-05-09 12:31:38 - [MESSAGE][PASSED] - Browser is opened with url: ''

2018-05-09 12:31:38 - [TEST_STEP][PASSED] - navigateToUrl: Navigate to 'http://52.39.163.150:8091/' successfully

2018-05-09 12:31:44 - [MESSAGE][PASSED] - Navigate to 'http://52.39.163.150:8091/' successfully

2018-05-09 12:31:44 - [TEST_STEP][PASSED] - setText: Text 'user' is set on object 'Object Repository/Page_AddProduct/input_username'

2018-05-09 12:31:45 - [MESSAGE][PASSED] - Text 'user' is set on object 'Object Repository/Page_AddProduct/input_username'

2018-05-09 12:31:45 - [TEST_STEP][PASSED] - setText: Text 'user' is set on object 'Object Repository/Page_AddProduct/input_password'

2018-05-09 12:31:45 - [MESSAGE][PASSED] - Text 'user' is set on object 'Object Repository/Page_AddProduct/input_password'

2018-05-09 12:31:45 - [TEST_STEP][PASSED] - click: Object: 'Object Repository/Page_AddProduct/button_Login' is clicked on

2018-05-09 12:31:45 - [MESSAGE][PASSED] - Object: 'Object Repository/Page_AddProduct/button_Login' is clicked on

2018-05-09 12:31:45 - [TEST_STEP][PASSED] - click: Object: 'Object Repository/Page_AddProduct/h5_Garden' is clicked on

2018-05-09 12:31:47 - [MESSAGE][PASSED] - Object: 'Object Repository/Page_AddProduct/h5_Garden' is clicked on

2018-05-09 12:31:47 - [TEST_STEP][PASSED] - click: Object: 'Object Repository/Page_AddProduct/button_add to cart' is clicked on

2018-05-09 12:31:47 - [MESSAGE][PASSED] - Object: 'Object Repository/Page_AddProduct/button_add to cart' is clicked on

2018-05-09 12:31:47 - [TEST_STEP][PASSED] - verifyElementText: Actual text and expected text of test object 'Object Repository/Page_AddProduct/div_already added' are matched.

2018-05-09 12:31:47 - [MESSAGE][PASSED] - Actual text and expected text of test object 'Object Repository/Page_AddProduct/div_already added' are matched.

2018-05-09 12:31:47 - [TEST_STEP][PASSED] - click: Object: 'Object Repository/Page_AddProduct/a_Carts            1' is clicked on

2018-05-09 12:31:47 - [MESSAGE][PASSED] - Object: 'Object Repository/Page_AddProduct/a_Carts            1' is clicked on

2018-05-09 12:31:47 - [TEST_STEP][PASSED] - verifyElementText: Actual text and expected text of test object 'Object Repository/Page_AddProduct/h2_Shopping Cart' are matched.

2018-05-09 12:31:47 - [MESSAGE][PASSED] - Actual text and expected text of test object 'Object Repository/Page_AddProduct/h2_Shopping Cart' are matched.

2018-05-09 12:31:47 - [TEST_STEP][PASSED] - verifyElementText: Actual text and expected text of test object 'Object Repository/Page_AddProduct/td_Garden' are matched.

2018-05-09 12:31:47 - [MESSAGE][PASSED] - Actual text and expected text of test object 'Object Repository/Page_AddProduct/td_Garden' are matched.

2018-05-09 12:31:47 - [TEST_STEP][PASSED] - closeBrowser: Browser is closed

2018-05-09 12:31:48 - [MESSAGE][PASSED] - Browser is closed]]></system-out>
         <system-err><![CDATA[]]></system-err>
      </testcase>
      <testcase name="Test Cases/TESTCASE-B" classname="Test Cases/TESTCASE-B" status="PASSED">
         <system-out><![CDATA[2018-05-09 12:31:48 - [TEST_CASE][PASSED] - Test Cases/TESTCASE-B: Test Cases/TESTCASE-B

2018-05-09 12:31:49 - [TEST_STEP][PASSED] - openBrowser: Browser is opened with url: ''

2018-05-09 12:31:52 - [MESSAGE][PASSED] - Browser is opened with url: ''

2018-05-09 12:31:52 - [TEST_STEP][PASSED] - navigateToUrl: Navigate to 'http://52.39.163.150:8091/' successfully

2018-05-09 12:31:58 - [MESSAGE][PASSED] - Navigate to 'http://52.39.163.150:8091/' successfully

2018-05-09 12:31:58 - [TEST_STEP][PASSED] - setText: Text 'hello' is set on object 'Object Repository/Page_AddProduct/input_username'

2018-05-09 12:31:58 - [MESSAGE][PASSED] - Text 'hello' is set on object 'Object Repository/Page_AddProduct/input_username'

2018-05-09 12:31:58 - [TEST_STEP][PASSED] - setText: Text 'hello' is set on object 'Object Repository/Page_AddProduct/input_password'

2018-05-09 12:31:58 - [MESSAGE][PASSED] - Text 'hello' is set on object 'Object Repository/Page_AddProduct/input_password'

2018-05-09 12:31:59 - [TEST_STEP][PASSED] - click: Object: 'Object Repository/Page_AddProduct/button_Login' is clicked on

2018-05-09 12:31:59 - [MESSAGE][PASSED] - Object: 'Object Repository/Page_AddProduct/button_Login' is clicked on

2018-05-09 12:31:59 - [TEST_STEP][PASSED] - click: Object: 'Object Repository/Page_AddProduct/h5_Garden' is clicked on

2018-05-09 12:32:00 - [MESSAGE][PASSED] - Object: 'Object Repository/Page_AddProduct/h5_Garden' is clicked on

2018-05-09 12:32:00 - [TEST_STEP][PASSED] - click: Object: 'Object Repository/Page_AddProduct/button_add to cart' is clicked on

2018-05-09 12:32:01 - [MESSAGE][PASSED] - Object: 'Object Repository/Page_AddProduct/button_add to cart' is clicked on

2018-05-09 12:32:01 - [TEST_STEP][PASSED] - verifyElementText: Actual text and expected text of test object 'Object Repository/Page_AddProduct/div_already added' are matched.

2018-05-09 12:32:01 - [MESSAGE][PASSED] - Actual text and expected text of test object 'Object Repository/Page_AddProduct/div_already added' are matched.

2018-05-09 12:32:01 - [TEST_STEP][PASSED] - click: Object: 'Object Repository/Page_AddProduct/a_Carts            1' is clicked on

2018-05-09 12:32:01 - [MESSAGE][PASSED] - Object: 'Object Repository/Page_AddProduct/a_Carts            1' is clicked on

2018-05-09 12:32:01 - [TEST_STEP][PASSED] - verifyElementText: Actual text and expected text of test object 'Object Repository/Page_AddProduct/h2_Shopping Cart' are matched.

2018-05-09 12:32:01 - [MESSAGE][PASSED] - Actual text and expected text of test object 'Object Repository/Page_AddProduct/h2_Shopping Cart' are matched.

2018-05-09 12:32:01 - [TEST_STEP][PASSED] - verifyElementText: Actual text and expected text of test object 'Object Repository/Page_AddProduct/td_Garden' are matched.

2018-05-09 12:32:01 - [MESSAGE][PASSED] - Actual text and expected text of test object 'Object Repository/Page_AddProduct/td_Garden' are matched.

2018-05-09 12:32:01 - [TEST_STEP][PASSED] - closeBrowser: Browser is closed

2018-05-09 12:32:02 - [MESSAGE][PASSED] - Browser is closed]]></system-out>
         <system-err><![CDATA[]]></system-err>
      </testcase>
      <system-out><![CDATA[2018-05-09 12:31:32 - [TEST_SUITE][PASSED] - TestAddProduct: Test Cases/TESTCASE-B]]></system-out>
      <system-err><![CDATA[]]></system-err>
   </testsuite>
</testsuites>
