<?xml version="1.0" encoding="UTF-8"?>
<testsuites name="TestShowAllProductsInProductsPage" time="40" tests="3" failures="0" errors="0">
   <testsuite name="TestShowAllProductsInProductsPage" tests="3" failures="0" errors="0" time="40" timestamp="2018-05-09 11:32:09" hostname="weapon - 10.80.153.230" id="Test Suites/TestShowAllProductsInProductsPage">
      <properties>
         <property name="deviceName" value=""/>
         <property name="devicePlatform" value=""/>
         <property name="logFolder" value="C:\\Users\\weapon\\Desktop\\SE234-project\\Reports\\TestShowAllProductsInProductsPage\\20180509_113207"/>
         <property name="logFiles" value="C:\\Users\\weapon\\Desktop\\SE234-project\\Reports\\TestShowAllProductsInProductsPage\\20180509_113207\\execution0.log"/>
         <property name="attachments" value=""/>
         <property name="hostName" value="weapon - 10.80.153.230"/>
         <property name="os" value="Windows 10 64bit"/>
         <property name="katalonVersion" value="5.3.1.1"/>
         <property name="browser" value="Chrome 65.0.3325.181"/>
         <property name="hostAddress" value="10.80.153.230"/>
         <property name="sessionId" value="501b62952ba831e01fa92b5af15e8cf2"/>
         <property name="seleniumVersion" value="3.7.1"/>
         <property name="proxyInformation" value="ProxyInformation{proxyOption=NO_PROXY, proxyServerType=HTTP, password=, proxyServerAddress=, proxyServerPort=0}"/>
         <property name="platform" value="Windows 10"/>
      </properties>
      <testcase name="Test Cases/TESTCASE-A" classname="Test Cases/TESTCASE-A" status="PASSED">
         <system-out><![CDATA[2018-05-09 11:32:10 - [TEST_CASE][PASSED] - Test Cases/TESTCASE-A: Test Cases/TESTCASE-A

2018-05-09 11:32:10 - [TEST_STEP][PASSED] - openBrowser: Browser is opened with url: ''

2018-05-09 11:32:14 - [MESSAGE][PASSED] - Browser is opened with url: ''

2018-05-09 11:32:14 - [TEST_STEP][PASSED] - navigateToUrl: Navigate to 'http://52.39.163.150:8091/' successfully

2018-05-09 11:32:20 - [MESSAGE][PASSED] - Navigate to 'http://52.39.163.150:8091/' successfully

2018-05-09 11:32:20 - [TEST_STEP][PASSED] - setText: Text 'admin' is set on object 'Object Repository/Page_Login/input_username'

2018-05-09 11:32:20 - [MESSAGE][PASSED] - Text 'admin' is set on object 'Object Repository/Page_Login/input_username'

2018-05-09 11:32:20 - [TEST_STEP][PASSED] - setText: Text 'admin' is set on object 'Object Repository/Page_Login/input_password'

2018-05-09 11:32:20 - [MESSAGE][PASSED] - Text 'admin' is set on object 'Object Repository/Page_Login/input_password'

2018-05-09 11:32:20 - [TEST_STEP][PASSED] - click: Object: 'Object Repository/Page_Product/Page_ProjectBackend/button_Login' is clicked on

2018-05-09 11:32:20 - [MESSAGE][PASSED] - Object: 'Object Repository/Page_Product/Page_ProjectBackend/button_Login' is clicked on

2018-05-09 11:32:20 - [TEST_STEP][PASSED] - verifyElementText: Actual text and expected text of test object 'Object Repository/Page_Product/Page_ProjectBackend/h5_Garden' are matched.

2018-05-09 11:32:22 - [MESSAGE][PASSED] - Actual text and expected text of test object 'Object Repository/Page_Product/Page_ProjectBackend/h5_Garden' are matched.

2018-05-09 11:32:22 - [TEST_STEP][PASSED] - verifyElementText: Actual text and expected text of test object 'Object Repository/Page_Product/Page_ProjectBackend/h5_Banana' are matched.

2018-05-09 11:32:22 - [MESSAGE][PASSED] - Actual text and expected text of test object 'Object Repository/Page_Product/Page_ProjectBackend/h5_Banana' are matched.

2018-05-09 11:32:22 - [TEST_STEP][PASSED] - verifyElementText: Actual text and expected text of test object 'Object Repository/Page_Product/Page_ProjectBackend/h5_Orange' are matched.

2018-05-09 11:32:22 - [MESSAGE][PASSED] - Actual text and expected text of test object 'Object Repository/Page_Product/Page_ProjectBackend/h5_Orange' are matched.

2018-05-09 11:32:22 - [TEST_STEP][PASSED] - verifyElementText: Actual text and expected text of test object 'Object Repository/Page_Product/Page_ProjectBackend/h5_Papaya' are matched.

2018-05-09 11:32:22 - [MESSAGE][PASSED] - Actual text and expected text of test object 'Object Repository/Page_Product/Page_ProjectBackend/h5_Papaya' are matched.

2018-05-09 11:32:22 - [TEST_STEP][PASSED] - verifyElementText: Actual text and expected text of test object 'Object Repository/Page_Product/Page_ProjectBackend/h5_Rambutan' are matched.

2018-05-09 11:32:22 - [MESSAGE][PASSED] - Actual text and expected text of test object 'Object Repository/Page_Product/Page_ProjectBackend/h5_Rambutan' are matched.

2018-05-09 11:32:22 - [TEST_STEP][PASSED] - closeBrowser: Browser is closed

2018-05-09 11:32:23 - [MESSAGE][PASSED] - Browser is closed]]></system-out>
         <system-err><![CDATA[]]></system-err>
      </testcase>
      <testcase name="Test Cases/TESTCASE-A" classname="Test Cases/TESTCASE-A" status="PASSED">
         <system-out><![CDATA[2018-05-09 11:32:23 - [TEST_CASE][PASSED] - Test Cases/TESTCASE-A: Test Cases/TESTCASE-A

2018-05-09 11:32:23 - [TEST_STEP][PASSED] - openBrowser: Browser is opened with url: ''

2018-05-09 11:32:26 - [MESSAGE][PASSED] - Browser is opened with url: ''

2018-05-09 11:32:26 - [TEST_STEP][PASSED] - navigateToUrl: Navigate to 'http://52.39.163.150:8091/' successfully

2018-05-09 11:32:31 - [MESSAGE][PASSED] - Navigate to 'http://52.39.163.150:8091/' successfully

2018-05-09 11:32:31 - [TEST_STEP][PASSED] - setText: Text 'user' is set on object 'Object Repository/Page_Login/input_username'

2018-05-09 11:32:31 - [MESSAGE][PASSED] - Text 'user' is set on object 'Object Repository/Page_Login/input_username'

2018-05-09 11:32:31 - [TEST_STEP][PASSED] - setText: Text 'user' is set on object 'Object Repository/Page_Login/input_password'

2018-05-09 11:32:31 - [MESSAGE][PASSED] - Text 'user' is set on object 'Object Repository/Page_Login/input_password'

2018-05-09 11:32:31 - [TEST_STEP][PASSED] - click: Object: 'Object Repository/Page_Product/Page_ProjectBackend/button_Login' is clicked on

2018-05-09 11:32:32 - [MESSAGE][PASSED] - Object: 'Object Repository/Page_Product/Page_ProjectBackend/button_Login' is clicked on

2018-05-09 11:32:32 - [TEST_STEP][PASSED] - verifyElementText: Actual text and expected text of test object 'Object Repository/Page_Product/Page_ProjectBackend/h5_Garden' are matched.

2018-05-09 11:32:33 - [MESSAGE][PASSED] - Actual text and expected text of test object 'Object Repository/Page_Product/Page_ProjectBackend/h5_Garden' are matched.

2018-05-09 11:32:33 - [TEST_STEP][PASSED] - verifyElementText: Actual text and expected text of test object 'Object Repository/Page_Product/Page_ProjectBackend/h5_Banana' are matched.

2018-05-09 11:32:33 - [MESSAGE][PASSED] - Actual text and expected text of test object 'Object Repository/Page_Product/Page_ProjectBackend/h5_Banana' are matched.

2018-05-09 11:32:33 - [TEST_STEP][PASSED] - verifyElementText: Actual text and expected text of test object 'Object Repository/Page_Product/Page_ProjectBackend/h5_Orange' are matched.

2018-05-09 11:32:33 - [MESSAGE][PASSED] - Actual text and expected text of test object 'Object Repository/Page_Product/Page_ProjectBackend/h5_Orange' are matched.

2018-05-09 11:32:33 - [TEST_STEP][PASSED] - verifyElementText: Actual text and expected text of test object 'Object Repository/Page_Product/Page_ProjectBackend/h5_Papaya' are matched.

2018-05-09 11:32:33 - [MESSAGE][PASSED] - Actual text and expected text of test object 'Object Repository/Page_Product/Page_ProjectBackend/h5_Papaya' are matched.

2018-05-09 11:32:33 - [TEST_STEP][PASSED] - verifyElementText: Actual text and expected text of test object 'Object Repository/Page_Product/Page_ProjectBackend/h5_Rambutan' are matched.

2018-05-09 11:32:33 - [MESSAGE][PASSED] - Actual text and expected text of test object 'Object Repository/Page_Product/Page_ProjectBackend/h5_Rambutan' are matched.

2018-05-09 11:32:33 - [TEST_STEP][PASSED] - closeBrowser: Browser is closed

2018-05-09 11:32:34 - [MESSAGE][PASSED] - Browser is closed]]></system-out>
         <system-err><![CDATA[]]></system-err>
      </testcase>
      <testcase name="Test Cases/TESTCASE-A" classname="Test Cases/TESTCASE-A" status="PASSED">
         <system-out><![CDATA[2018-05-09 11:32:34 - [TEST_CASE][PASSED] - Test Cases/TESTCASE-A: Test Cases/TESTCASE-A

2018-05-09 11:32:34 - [TEST_STEP][PASSED] - openBrowser: Browser is opened with url: ''

2018-05-09 11:32:37 - [MESSAGE][PASSED] - Browser is opened with url: ''

2018-05-09 11:32:37 - [TEST_STEP][PASSED] - navigateToUrl: Navigate to 'http://52.39.163.150:8091/' successfully

2018-05-09 11:32:46 - [MESSAGE][PASSED] - Navigate to 'http://52.39.163.150:8091/' successfully

2018-05-09 11:32:46 - [TEST_STEP][PASSED] - setText: Text 'hello' is set on object 'Object Repository/Page_Login/input_username'

2018-05-09 11:32:46 - [MESSAGE][PASSED] - Text 'hello' is set on object 'Object Repository/Page_Login/input_username'

2018-05-09 11:32:46 - [TEST_STEP][PASSED] - setText: Text 'hello' is set on object 'Object Repository/Page_Login/input_password'

2018-05-09 11:32:47 - [MESSAGE][PASSED] - Text 'hello' is set on object 'Object Repository/Page_Login/input_password'

2018-05-09 11:32:47 - [TEST_STEP][PASSED] - click: Object: 'Object Repository/Page_Product/Page_ProjectBackend/button_Login' is clicked on

2018-05-09 11:32:47 - [MESSAGE][PASSED] - Object: 'Object Repository/Page_Product/Page_ProjectBackend/button_Login' is clicked on

2018-05-09 11:32:47 - [TEST_STEP][PASSED] - verifyElementText: Actual text and expected text of test object 'Object Repository/Page_Product/Page_ProjectBackend/h5_Garden' are matched.

2018-05-09 11:32:48 - [MESSAGE][PASSED] - Actual text and expected text of test object 'Object Repository/Page_Product/Page_ProjectBackend/h5_Garden' are matched.

2018-05-09 11:32:48 - [TEST_STEP][PASSED] - verifyElementText: Actual text and expected text of test object 'Object Repository/Page_Product/Page_ProjectBackend/h5_Banana' are matched.

2018-05-09 11:32:48 - [MESSAGE][PASSED] - Actual text and expected text of test object 'Object Repository/Page_Product/Page_ProjectBackend/h5_Banana' are matched.

2018-05-09 11:32:48 - [TEST_STEP][PASSED] - verifyElementText: Actual text and expected text of test object 'Object Repository/Page_Product/Page_ProjectBackend/h5_Orange' are matched.

2018-05-09 11:32:48 - [MESSAGE][PASSED] - Actual text and expected text of test object 'Object Repository/Page_Product/Page_ProjectBackend/h5_Orange' are matched.

2018-05-09 11:32:48 - [TEST_STEP][PASSED] - verifyElementText: Actual text and expected text of test object 'Object Repository/Page_Product/Page_ProjectBackend/h5_Papaya' are matched.

2018-05-09 11:32:48 - [MESSAGE][PASSED] - Actual text and expected text of test object 'Object Repository/Page_Product/Page_ProjectBackend/h5_Papaya' are matched.

2018-05-09 11:32:48 - [TEST_STEP][PASSED] - verifyElementText: Actual text and expected text of test object 'Object Repository/Page_Product/Page_ProjectBackend/h5_Rambutan' are matched.

2018-05-09 11:32:48 - [MESSAGE][PASSED] - Actual text and expected text of test object 'Object Repository/Page_Product/Page_ProjectBackend/h5_Rambutan' are matched.

2018-05-09 11:32:48 - [TEST_STEP][PASSED] - closeBrowser: Browser is closed

2018-05-09 11:32:49 - [MESSAGE][PASSED] - Browser is closed]]></system-out>
         <system-err><![CDATA[]]></system-err>
      </testcase>
      <system-out><![CDATA[2018-05-09 11:32:09 - [TEST_SUITE][PASSED] - TestShowAllProductsInProductsPage: Test Cases/TESTCASE-A]]></system-out>
      <system-err><![CDATA[]]></system-err>
   </testsuite>
</testsuites>
