<?xml version="1.0" encoding="UTF-8"?>
<testsuites name="TestLoginPageAfterOpenWeb" time="115" tests="1" failures="0" errors="0">
   <testsuite name="TestLoginPageAfterOpenWeb" tests="1" failures="0" errors="0" time="115" timestamp="2018-05-09 15:46:23" hostname="ASUS - 10.80.151.231" id="Test Suites/TestLoginPageAfterOpenWeb">
      <properties>
         <property name="deviceName" value=""/>
         <property name="devicePlatform" value=""/>
         <property name="logFolder" value="C:\\Users\\ASUS\\Katalon Studio\\SE234-project\\Reports\\TestLoginPageAfterOpenWeb\\20180509_154619"/>
         <property name="logFiles" value="C:\\Users\\ASUS\\Katalon Studio\\SE234-project\\Reports\\TestLoginPageAfterOpenWeb\\20180509_154619\\execution0.log"/>
         <property name="attachments" value=""/>
         <property name="hostName" value="ASUS - 10.80.151.231"/>
         <property name="os" value="Windows 10 64bit"/>
         <property name="katalonVersion" value="5.3.1.1"/>
         <property name="browser" value="Chrome 66.0.3359.139"/>
         <property name="hostAddress" value="10.80.151.231"/>
         <property name="sessionId" value="ed7266b76932ee8fdbf41bc4d9678e73"/>
         <property name="seleniumVersion" value="3.7.1"/>
         <property name="proxyInformation" value="ProxyInformation{proxyOption=NO_PROXY, proxyServerType=HTTP, password=, proxyServerAddress=, proxyServerPort=0}"/>
         <property name="platform" value="Windows 10"/>
      </properties>
      <testcase name="Test Cases/TESTCASE1" classname="Test Cases/TESTCASE1" status="PASSED">
         <system-out><![CDATA[2018-05-09 15:46:23 - [TEST_CASE][PASSED] - Test Cases/TESTCASE1: Test Cases/TESTCASE1

2018-05-09 15:46:23 - [TEST_STEP][PASSED] - openBrowser: Browser is opened with url: ''

2018-05-09 15:46:26 - [MESSAGE][PASSED] - Browser is opened with url: ''

2018-05-09 15:46:26 - [TEST_STEP][PASSED] - navigateToUrl: Navigate to 'http://52.39.163.150:8091/' successfully

2018-05-09 15:48:18 - [MESSAGE][PASSED] - Navigate to 'http://52.39.163.150:8091/' successfully

2018-05-09 15:48:18 - [TEST_STEP][PASSED] - verifyElementText: Actual text and expected text of test object 'Object Repository/Page_Login/h1_SE 234 Project' are matched.

2018-05-09 15:48:18 - [MESSAGE][PASSED] - Actual text and expected text of test object 'Object Repository/Page_Login/h1_SE 234 Project' are matched.

2018-05-09 15:48:18 - [TEST_STEP][PASSED] - verifyElementText: Actual text and expected text of test object 'Object Repository/Page_Login/p_This is the mock app for the' are matched.

2018-05-09 15:48:18 - [MESSAGE][PASSED] - Actual text and expected text of test object 'Object Repository/Page_Login/p_This is the mock app for the' are matched.

2018-05-09 15:48:18 - [TEST_STEP][PASSED] - verifyElementText: Actual text and expected text of test object 'Object Repository/Page_Login/h2_Login' are matched.

2018-05-09 15:48:18 - [MESSAGE][PASSED] - Actual text and expected text of test object 'Object Repository/Page_Login/h2_Login' are matched.

2018-05-09 15:48:18 - [TEST_STEP][PASSED] - verifyElementText: Actual text and expected text of test object 'Object Repository/Page_Login/label_Username' are matched.

2018-05-09 15:48:18 - [MESSAGE][PASSED] - Actual text and expected text of test object 'Object Repository/Page_Login/label_Username' are matched.

2018-05-09 15:48:18 - [TEST_STEP][PASSED] - verifyElementText: Actual text and expected text of test object 'Object Repository/Page_Login/label_Password' are matched.

2018-05-09 15:48:18 - [MESSAGE][PASSED] - Actual text and expected text of test object 'Object Repository/Page_Login/label_Password' are matched.

2018-05-09 15:48:18 - [TEST_STEP][PASSED] - verifyElementText: Actual text and expected text of test object 'Object Repository/Page_Login/button_Login' are matched.

2018-05-09 15:48:18 - [MESSAGE][PASSED] - Actual text and expected text of test object 'Object Repository/Page_Login/button_Login' are matched.

2018-05-09 15:48:18 - [TEST_STEP][PASSED] - closeBrowser: Browser is closed

2018-05-09 15:48:19 - [MESSAGE][PASSED] - Browser is closed]]></system-out>
         <system-err><![CDATA[]]></system-err>
      </testcase>
      <system-out><![CDATA[2018-05-09 15:46:23 - [TEST_SUITE][PASSED] - TestLoginPageAfterOpenWeb: Test Cases/TESTCASE1]]></system-out>
      <system-err><![CDATA[]]></system-err>
   </testsuite>
</testsuites>
