<?xml version="1.0" encoding="UTF-8"?>
<testsuites name="TestCheckTransactions" time="49" tests="1" failures="0" errors="0">
   <testsuite name="TestCheckTransactions" tests="1" failures="0" errors="0" time="49" timestamp="2018-05-09 15:44:11" hostname="ASUS - 10.80.151.231" id="Test Suites/TestCheckTransactions">
      <properties>
         <property name="deviceName" value=""/>
         <property name="devicePlatform" value=""/>
         <property name="logFolder" value="C:\\Users\\ASUS\\Katalon Studio\\SE234-project\\Reports\\TestCheckTransactions\\20180509_154409"/>
         <property name="logFiles" value="C:\\Users\\ASUS\\Katalon Studio\\SE234-project\\Reports\\TestCheckTransactions\\20180509_154409\\execution0.log"/>
         <property name="attachments" value=""/>
         <property name="hostName" value="ASUS - 10.80.151.231"/>
         <property name="os" value="Windows 10 64bit"/>
         <property name="katalonVersion" value="5.3.1.1"/>
         <property name="browser" value="Chrome 66.0.3359.139"/>
         <property name="hostAddress" value="10.80.151.231"/>
         <property name="sessionId" value="43a60db6691a488a5843b283136e80fc"/>
         <property name="seleniumVersion" value="3.7.1"/>
         <property name="proxyInformation" value="ProxyInformation{proxyOption=NO_PROXY, proxyServerType=HTTP, password=, proxyServerAddress=, proxyServerPort=0}"/>
         <property name="platform" value="Windows 10"/>
      </properties>
      <testcase name="Test Cases/TESTCASE-C" classname="Test Cases/TESTCASE-C" status="PASSED">
         <system-out><![CDATA[2018-05-09 15:44:11 - [TEST_CASE][PASSED] - Test Cases/TESTCASE-C: Test Cases/TESTCASE-C

2018-05-09 15:44:11 - [TEST_STEP][PASSED] - openBrowser: Browser is opened with url: ''

2018-05-09 15:44:15 - [MESSAGE][PASSED] - Browser is opened with url: ''

2018-05-09 15:44:15 - [TEST_STEP][PASSED] - navigateToUrl: Navigate to 'http://52.39.163.150:8091/' successfully

2018-05-09 15:44:53 - [MESSAGE][PASSED] - Navigate to 'http://52.39.163.150:8091/' successfully

2018-05-09 15:44:53 - [TEST_STEP][PASSED] - setText: Text 'user' is set on object 'Object Repository/Page_CheckTransacationAfterAddProducts/input_username'

2018-05-09 15:44:53 - [MESSAGE][PASSED] - Text 'user' is set on object 'Object Repository/Page_CheckTransacationAfterAddProducts/input_username'

2018-05-09 15:44:53 - [TEST_STEP][PASSED] - setText: Text 'user' is set on object 'Object Repository/Page_CheckTransacationAfterAddProducts/input_password'

2018-05-09 15:44:53 - [MESSAGE][PASSED] - Text 'user' is set on object 'Object Repository/Page_CheckTransacationAfterAddProducts/input_password'

2018-05-09 15:44:53 - [TEST_STEP][PASSED] - click: Object: 'Object Repository/Page_CheckTransacationAfterAddProducts/button_Login' is clicked on

2018-05-09 15:44:54 - [MESSAGE][PASSED] - Object: 'Object Repository/Page_CheckTransacationAfterAddProducts/button_Login' is clicked on

2018-05-09 15:44:54 - [TEST_STEP][PASSED] - verifyElementText: Actual text and expected text of test object 'Object Repository/Page_CheckTransacationAfterAddProducts/h5_Garden' are matched.

2018-05-09 15:44:56 - [MESSAGE][PASSED] - Actual text and expected text of test object 'Object Repository/Page_CheckTransacationAfterAddProducts/h5_Garden' are matched.

2018-05-09 15:44:56 - [TEST_STEP][PASSED] - click: Object: 'Object Repository/Page_CheckTransacationAfterAddProducts/button_add to cart' is clicked on

2018-05-09 15:44:56 - [MESSAGE][PASSED] - Object: 'Object Repository/Page_CheckTransacationAfterAddProducts/button_add to cart' is clicked on

2018-05-09 15:44:56 - [TEST_STEP][PASSED] - click: Object: 'Object Repository/Page_CheckTransacationAfterAddProducts/a_Carts            1' is clicked on

2018-05-09 15:44:57 - [MESSAGE][PASSED] - Object: 'Object Repository/Page_CheckTransacationAfterAddProducts/a_Carts            1' is clicked on

2018-05-09 15:44:57 - [TEST_STEP][PASSED] - verifyElementText: Actual text and expected text of test object 'Object Repository/Page_CheckTransacationAfterAddProducts/td_Garden' are matched.

2018-05-09 15:44:57 - [MESSAGE][PASSED] - Actual text and expected text of test object 'Object Repository/Page_CheckTransacationAfterAddProducts/td_Garden' are matched.

2018-05-09 15:44:57 - [TEST_STEP][PASSED] - setText: Text '2' is set on object 'Object Repository/Page_CheckTransacationAfterAddProducts/input_amount'

2018-05-09 15:44:57 - [MESSAGE][PASSED] - Text '2' is set on object 'Object Repository/Page_CheckTransacationAfterAddProducts/input_amount'

2018-05-09 15:44:57 - [TEST_STEP][PASSED] - click: Object: 'Object Repository/Page_CheckTransacationAfterAddProducts/button_confirm' is clicked on

2018-05-09 15:44:57 - [MESSAGE][PASSED] - Object: 'Object Repository/Page_CheckTransacationAfterAddProducts/button_confirm' is clicked on

2018-05-09 15:44:57 - [TEST_STEP][PASSED] - acceptAlert: Alert accepted

2018-05-09 15:44:57 - [MESSAGE][PASSED] - Alert accepted

2018-05-09 15:44:57 - [TEST_STEP][PASSED] - click: Object: 'Object Repository/Page_CheckTransacationAfterAddProducts/button_Logout' is clicked on

2018-05-09 15:44:57 - [MESSAGE][PASSED] - Object: 'Object Repository/Page_CheckTransacationAfterAddProducts/button_Logout' is clicked on

2018-05-09 15:44:57 - [TEST_STEP][PASSED] - waitForPageLoad: Wait for page load successfully

2018-05-09 15:44:57 - [MESSAGE][WARNING] - Timeout '0' is invalid. Using default page load timeout: '30'

2018-05-09 15:44:57 - [MESSAGE][PASSED] - Wait for page load successfully

2018-05-09 15:44:57 - [TEST_STEP][PASSED] - setText: Text 'admin' is set on object 'Object Repository/Page_CheckTransacationAfterAddProducts/input_username'

2018-05-09 15:44:57 - [MESSAGE][PASSED] - Text 'admin' is set on object 'Object Repository/Page_CheckTransacationAfterAddProducts/input_username'

2018-05-09 15:44:57 - [TEST_STEP][PASSED] - setText: Text 'admin' is set on object 'Object Repository/Page_CheckTransacationAfterAddProducts/input_password'

2018-05-09 15:44:58 - [MESSAGE][PASSED] - Text 'admin' is set on object 'Object Repository/Page_CheckTransacationAfterAddProducts/input_password'

2018-05-09 15:44:58 - [TEST_STEP][PASSED] - click: Object: 'Object Repository/Page_CheckTransacationAfterAddProducts/button_Login' is clicked on

2018-05-09 15:44:58 - [MESSAGE][PASSED] - Object: 'Object Repository/Page_CheckTransacationAfterAddProducts/button_Login' is clicked on

2018-05-09 15:44:58 - [TEST_STEP][PASSED] - click: Object: 'Object Repository/Page_CheckTransacationAfterAddProducts/a_Total Transaction' is clicked on

2018-05-09 15:45:00 - [MESSAGE][PASSED] - Object: 'Object Repository/Page_CheckTransacationAfterAddProducts/a_Total Transaction' is clicked on

2018-05-09 15:45:00 - [TEST_STEP][PASSED] - verifyElementText: Actual text and expected text of test object 'Object Repository/Page_CheckTransacationAfterAddProducts/td_Garden' are matched.

2018-05-09 15:45:00 - [MESSAGE][PASSED] - Actual text and expected text of test object 'Object Repository/Page_CheckTransacationAfterAddProducts/td_Garden' are matched.

2018-05-09 15:45:00 - [TEST_STEP][PASSED] - verifyElementText: Actual text and expected text of test object 'Object Repository/Page_CheckTransacationAfterAddProducts/td_40000 THB' are matched.

2018-05-09 15:45:00 - [MESSAGE][PASSED] - Actual text and expected text of test object 'Object Repository/Page_CheckTransacationAfterAddProducts/td_40000 THB' are matched.

2018-05-09 15:45:00 - [TEST_STEP][PASSED] - closeBrowser: Browser is closed

2018-05-09 15:45:01 - [MESSAGE][PASSED] - Browser is closed]]></system-out>
         <system-err><![CDATA[]]></system-err>
      </testcase>
      <system-out><![CDATA[2018-05-09 15:44:11 - [TEST_SUITE][PASSED] - TestCheckTransactions: Test Cases/TESTCASE-C]]></system-out>
      <system-err><![CDATA[]]></system-err>
   </testsuite>
</testsuites>
