<?xml version="1.0" encoding="UTF-8"?>
<testsuites name="TestShowAllProductsInProductsPage" time="106" tests="0" failures="0" errors="3">
   <testsuite name="TestShowAllProductsInProductsPage" tests="0" failures="0" errors="3" time="106" timestamp="2018-05-09 16:04:47" hostname="ASUS - 10.80.151.231" id="Test Suites/TestShowAllProductsInProductsPage">
      <properties>
         <property name="deviceName" value=""/>
         <property name="devicePlatform" value=""/>
         <property name="logFolder" value="C:\\Users\\ASUS\\Katalon Studio\\SE234-project\\Reports\\TestShowAllProductsInProductsPage\\20180509_160446"/>
         <property name="logFiles" value="C:\\Users\\ASUS\\Katalon Studio\\SE234-project\\Reports\\TestShowAllProductsInProductsPage\\20180509_160446\\execution0.log"/>
         <property name="attachments" value=""/>
         <property name="hostName" value="ASUS - 10.80.151.231"/>
         <property name="os" value="Windows 10 64bit"/>
         <property name="katalonVersion" value="5.3.1.1"/>
         <property name="browser" value="Chrome 66.0.3359.139"/>
         <property name="hostAddress" value="10.80.151.231"/>
         <property name="sessionId" value="95a05a4c77678e13b9e94a3eb666dd97"/>
         <property name="seleniumVersion" value="3.7.1"/>
         <property name="proxyInformation" value="ProxyInformation{proxyOption=NO_PROXY, proxyServerType=HTTP, password=, proxyServerAddress=, proxyServerPort=0}"/>
         <property name="platform" value="Windows 10"/>
      </properties>
      <testcase name="Test Cases/TESTCASE-A" classname="Test Cases/TESTCASE-A" status="ERROR">
         <error type="ERROR" message="Test Cases/TESTCASE-A FAILED because (of) java.lang.NullPointerException"/>
         <system-out><![CDATA[2018-05-09 16:04:48 - [TEST_CASE][ERROR] - Test Cases/TESTCASE-A: Test Cases/TESTCASE-A FAILED because (of) java.lang.NullPointerException

2018-05-09 16:04:48 - [TEST_STEP][PASSED] - openBrowser: Browser is opened with url: ''

2018-05-09 16:04:51 - [MESSAGE][PASSED] - Browser is opened with url: ''

2018-05-09 16:04:51 - [TEST_STEP][PASSED] - navigateToUrl: Navigate to 'http://52.39.163.150:8091/' successfully

2018-05-09 16:05:31 - [MESSAGE][PASSED] - Navigate to 'http://52.39.163.150:8091/' successfully

2018-05-09 16:05:31 - [TEST_STEP][PASSED] - setText: Text 'admin' is set on object 'Object Repository/Page_Login/input_username'

2018-05-09 16:05:31 - [MESSAGE][PASSED] - Text 'admin' is set on object 'Object Repository/Page_Login/input_username'

2018-05-09 16:05:31 - [TEST_STEP][PASSED] - setText: Text 'admin' is set on object 'Object Repository/Page_Login/input_password'

2018-05-09 16:05:32 - [MESSAGE][PASSED] - Text 'admin' is set on object 'Object Repository/Page_Login/input_password'

2018-05-09 16:05:32 - [TEST_STEP][PASSED] - click: Object: 'Object Repository/Page_Login/button_Login' is clicked on

2018-05-09 16:05:32 - [MESSAGE][PASSED] - Object: 'Object Repository/Page_Login/button_Login' is clicked on

2018-05-09 16:05:32 - [TEST_STEP][PASSED] - verifyElementText: Test object with id 'Object Repository/' does not exist

2018-05-09 16:05:32 - [MESSAGE][WARNING] - Cannot find test object with id 'Object Repository/Page_Product/h5_Garden' because of 'org.dom4j.DocumentException: Error on line 1 of document file:///C:/Users/ASUS/Katalon%20Studio/SE234-project/Object%20Repository/Page_Product/h5_Garden.rs : The markup in the document preceding the root element must be well-formed. Nested exception: The markup in the document preceding the root element must be well-formed.'

2018-05-09 16:05:32 - [MESSAGE][WARNING] - Test object with id 'Object Repository/' does not exist]]></system-out>
         <system-err><![CDATA[2018-05-09 16:04:48 - [TEST_CASE][ERROR] - Test Cases/TESTCASE-A: Test Cases/TESTCASE-A FAILED because (of) java.lang.NullPointerException]]></system-err>
      </testcase>
      <testcase name="Test Cases/TESTCASE-A" classname="Test Cases/TESTCASE-A" status="ERROR">
         <error type="ERROR" message="Test Cases/TESTCASE-A FAILED because (of) java.lang.NullPointerException"/>
         <system-out><![CDATA[2018-05-09 16:05:32 - [TEST_CASE][ERROR] - Test Cases/TESTCASE-A: Test Cases/TESTCASE-A FAILED because (of) java.lang.NullPointerException

2018-05-09 16:05:32 - [TEST_STEP][PASSED] - openBrowser: Browser is opened with url: ''

2018-05-09 16:05:32 - [MESSAGE][WARNING] - A browser is already opened. Closing browser and opening a new one

2018-05-09 16:05:34 - [MESSAGE][PASSED] - Browser is opened with url: ''

2018-05-09 16:05:34 - [TEST_STEP][PASSED] - navigateToUrl: Navigate to 'http://52.39.163.150:8091/' successfully

2018-05-09 16:06:02 - [MESSAGE][PASSED] - Navigate to 'http://52.39.163.150:8091/' successfully

2018-05-09 16:06:02 - [TEST_STEP][PASSED] - setText: Text 'user' is set on object 'Object Repository/Page_Login/input_username'

2018-05-09 16:06:02 - [MESSAGE][PASSED] - Text 'user' is set on object 'Object Repository/Page_Login/input_username'

2018-05-09 16:06:02 - [TEST_STEP][PASSED] - setText: Text 'user' is set on object 'Object Repository/Page_Login/input_password'

2018-05-09 16:06:02 - [MESSAGE][PASSED] - Text 'user' is set on object 'Object Repository/Page_Login/input_password'

2018-05-09 16:06:02 - [TEST_STEP][PASSED] - click: Object: 'Object Repository/Page_Login/button_Login' is clicked on

2018-05-09 16:06:02 - [MESSAGE][PASSED] - Object: 'Object Repository/Page_Login/button_Login' is clicked on

2018-05-09 16:06:02 - [TEST_STEP][PASSED] - verifyElementText: Test object with id 'Object Repository/' does not exist

2018-05-09 16:06:02 - [MESSAGE][WARNING] - Cannot find test object with id 'Object Repository/Page_Product/h5_Garden' because of 'org.dom4j.DocumentException: Error on line 1 of document file:///C:/Users/ASUS/Katalon%20Studio/SE234-project/Object%20Repository/Page_Product/h5_Garden.rs : The markup in the document preceding the root element must be well-formed. Nested exception: The markup in the document preceding the root element must be well-formed.'

2018-05-09 16:06:02 - [MESSAGE][WARNING] - Test object with id 'Object Repository/' does not exist]]></system-out>
         <system-err><![CDATA[2018-05-09 16:05:32 - [TEST_CASE][ERROR] - Test Cases/TESTCASE-A: Test Cases/TESTCASE-A FAILED because (of) java.lang.NullPointerException]]></system-err>
      </testcase>
      <testcase name="Test Cases/TESTCASE-A" classname="Test Cases/TESTCASE-A" status="ERROR">
         <error type="ERROR" message="Test Cases/TESTCASE-A FAILED because (of) java.lang.NullPointerException"/>
         <system-out><![CDATA[2018-05-09 16:06:02 - [TEST_CASE][ERROR] - Test Cases/TESTCASE-A: Test Cases/TESTCASE-A FAILED because (of) java.lang.NullPointerException

2018-05-09 16:06:02 - [TEST_STEP][PASSED] - openBrowser: Browser is opened with url: ''

2018-05-09 16:06:02 - [MESSAGE][WARNING] - A browser is already opened. Closing browser and opening a new one

2018-05-09 16:06:05 - [MESSAGE][PASSED] - Browser is opened with url: ''

2018-05-09 16:06:05 - [TEST_STEP][PASSED] - navigateToUrl: Navigate to 'http://52.39.163.150:8091/' successfully

2018-05-09 16:06:33 - [MESSAGE][PASSED] - Navigate to 'http://52.39.163.150:8091/' successfully

2018-05-09 16:06:33 - [TEST_STEP][PASSED] - setText: Text 'hello' is set on object 'Object Repository/Page_Login/input_username'

2018-05-09 16:06:33 - [MESSAGE][PASSED] - Text 'hello' is set on object 'Object Repository/Page_Login/input_username'

2018-05-09 16:06:33 - [TEST_STEP][PASSED] - setText: Text 'hello' is set on object 'Object Repository/Page_Login/input_password'

2018-05-09 16:06:33 - [MESSAGE][PASSED] - Text 'hello' is set on object 'Object Repository/Page_Login/input_password'

2018-05-09 16:06:33 - [TEST_STEP][PASSED] - click: Object: 'Object Repository/Page_Login/button_Login' is clicked on

2018-05-09 16:06:33 - [MESSAGE][PASSED] - Object: 'Object Repository/Page_Login/button_Login' is clicked on

2018-05-09 16:06:33 - [TEST_STEP][PASSED] - verifyElementText: Test object with id 'Object Repository/' does not exist

2018-05-09 16:06:33 - [MESSAGE][WARNING] - Cannot find test object with id 'Object Repository/Page_Product/h5_Garden' because of 'org.dom4j.DocumentException: Error on line 1 of document file:///C:/Users/ASUS/Katalon%20Studio/SE234-project/Object%20Repository/Page_Product/h5_Garden.rs : The markup in the document preceding the root element must be well-formed. Nested exception: The markup in the document preceding the root element must be well-formed.'

2018-05-09 16:06:33 - [MESSAGE][WARNING] - Test object with id 'Object Repository/' does not exist]]></system-out>
         <system-err><![CDATA[2018-05-09 16:06:02 - [TEST_CASE][ERROR] - Test Cases/TESTCASE-A: Test Cases/TESTCASE-A FAILED because (of) java.lang.NullPointerException]]></system-err>
      </testcase>
      <system-out><![CDATA[2018-05-09 16:04:47 - [TEST_SUITE][ERROR] - TestShowAllProductsInProductsPage: Test Cases/TESTCASE-A FAILED because (of) java.lang.NullPointerException]]></system-out>
      <system-err><![CDATA[2018-05-09 16:04:47 - [TEST_SUITE][ERROR] - TestShowAllProductsInProductsPage: Test Cases/TESTCASE-A FAILED because (of) java.lang.NullPointerException]]></system-err>
   </testsuite>
</testsuites>
