<?xml version="1.0" encoding="UTF-8"?>
<testsuites name="TestShowAllProductsInProductsPage" time="68" tests="3" failures="0" errors="0">
   <testsuite name="TestShowAllProductsInProductsPage" tests="3" failures="0" errors="0" time="68" timestamp="2018-05-09 16:17:01" hostname="ASUS - 10.80.151.231" id="Test Suites/TestShowAllProductsInProductsPage">
      <properties>
         <property name="deviceName" value=""/>
         <property name="devicePlatform" value=""/>
         <property name="logFolder" value="C:\\Users\\ASUS\\Katalon Studio\\SE234-project\\Reports\\TestShowAllProductsInProductsPage\\20180509_161659"/>
         <property name="logFiles" value="C:\\Users\\ASUS\\Katalon Studio\\SE234-project\\Reports\\TestShowAllProductsInProductsPage\\20180509_161659\\execution0.log"/>
         <property name="attachments" value=""/>
         <property name="hostName" value="ASUS - 10.80.151.231"/>
         <property name="os" value="Windows 10 64bit"/>
         <property name="katalonVersion" value="5.3.1.1"/>
         <property name="browser" value="Chrome 66.0.3359.139"/>
         <property name="hostAddress" value="10.80.151.231"/>
         <property name="sessionId" value="461d6a45efafbf5078dd5ef8dd0ea8b8"/>
         <property name="seleniumVersion" value="3.7.1"/>
         <property name="proxyInformation" value="ProxyInformation{proxyOption=NO_PROXY, proxyServerType=HTTP, password=, proxyServerAddress=, proxyServerPort=0}"/>
         <property name="platform" value="Windows 10"/>
      </properties>
      <testcase name="Test Cases/TESTCASE-A" classname="Test Cases/TESTCASE-A" status="PASSED">
         <system-out><![CDATA[2018-05-09 16:17:01 - [TEST_CASE][PASSED] - Test Cases/TESTCASE-A: Test Cases/TESTCASE-A

2018-05-09 16:17:01 - [TEST_STEP][PASSED] - openBrowser: Browser is opened with url: ''

2018-05-09 16:17:04 - [MESSAGE][PASSED] - Browser is opened with url: ''

2018-05-09 16:17:04 - [TEST_STEP][PASSED] - navigateToUrl: Navigate to 'http://52.39.163.150:8091/' successfully

2018-05-09 16:17:22 - [MESSAGE][PASSED] - Navigate to 'http://52.39.163.150:8091/' successfully

2018-05-09 16:17:22 - [TEST_STEP][PASSED] - setText: Text 'admin' is set on object 'Object Repository/Page_Login/input_username'

2018-05-09 16:17:22 - [MESSAGE][PASSED] - Text 'admin' is set on object 'Object Repository/Page_Login/input_username'

2018-05-09 16:17:22 - [TEST_STEP][PASSED] - setText: Text 'admin' is set on object 'Object Repository/Page_Login/input_password'

2018-05-09 16:17:22 - [MESSAGE][PASSED] - Text 'admin' is set on object 'Object Repository/Page_Login/input_password'

2018-05-09 16:17:22 - [TEST_STEP][PASSED] - click: Object: 'Object Repository/Page_Login/button_Login' is clicked on

2018-05-09 16:17:23 - [MESSAGE][PASSED] - Object: 'Object Repository/Page_Login/button_Login' is clicked on

2018-05-09 16:17:23 - [TEST_STEP][PASSED] - verifyElementText: Actual text and expected text of test object 'Object Repository/Page_Product/h5_Garden' are matched.

2018-05-09 16:17:24 - [MESSAGE][PASSED] - Actual text and expected text of test object 'Object Repository/Page_Product/h5_Garden' are matched.

2018-05-09 16:17:24 - [TEST_STEP][PASSED] - verifyElementText: Actual text and expected text of test object 'Object Repository/Page_Product/h5_Banana' are matched.

2018-05-09 16:17:24 - [MESSAGE][PASSED] - Actual text and expected text of test object 'Object Repository/Page_Product/h5_Banana' are matched.

2018-05-09 16:17:24 - [TEST_STEP][PASSED] - verifyElementText: Actual text and expected text of test object 'Object Repository/Page_Product/h5_Orange' are matched.

2018-05-09 16:17:24 - [MESSAGE][PASSED] - Actual text and expected text of test object 'Object Repository/Page_Product/h5_Orange' are matched.

2018-05-09 16:17:24 - [TEST_STEP][PASSED] - verifyElementText: Actual text and expected text of test object 'Object Repository/Page_Product/h5_Papaya' are matched.

2018-05-09 16:17:24 - [MESSAGE][PASSED] - Actual text and expected text of test object 'Object Repository/Page_Product/h5_Papaya' are matched.

2018-05-09 16:17:24 - [TEST_STEP][PASSED] - verifyElementText: Actual text and expected text of test object 'Object Repository/Page_Product/h5_Rambutan' are matched.

2018-05-09 16:17:24 - [MESSAGE][PASSED] - Actual text and expected text of test object 'Object Repository/Page_Product/h5_Rambutan' are matched.

2018-05-09 16:17:24 - [TEST_STEP][PASSED] - closeBrowser: Browser is closed

2018-05-09 16:17:25 - [MESSAGE][PASSED] - Browser is closed]]></system-out>
         <system-err><![CDATA[]]></system-err>
      </testcase>
      <testcase name="Test Cases/TESTCASE-A" classname="Test Cases/TESTCASE-A" status="PASSED">
         <system-out><![CDATA[2018-05-09 16:17:25 - [TEST_CASE][PASSED] - Test Cases/TESTCASE-A: Test Cases/TESTCASE-A

2018-05-09 16:17:25 - [TEST_STEP][PASSED] - openBrowser: Browser is opened with url: ''

2018-05-09 16:17:27 - [MESSAGE][PASSED] - Browser is opened with url: ''

2018-05-09 16:17:27 - [TEST_STEP][PASSED] - navigateToUrl: Navigate to 'http://52.39.163.150:8091/' successfully

2018-05-09 16:17:45 - [MESSAGE][PASSED] - Navigate to 'http://52.39.163.150:8091/' successfully

2018-05-09 16:17:45 - [TEST_STEP][PASSED] - setText: Text 'user' is set on object 'Object Repository/Page_Login/input_username'

2018-05-09 16:17:45 - [MESSAGE][PASSED] - Text 'user' is set on object 'Object Repository/Page_Login/input_username'

2018-05-09 16:17:45 - [TEST_STEP][PASSED] - setText: Text 'user' is set on object 'Object Repository/Page_Login/input_password'

2018-05-09 16:17:45 - [MESSAGE][PASSED] - Text 'user' is set on object 'Object Repository/Page_Login/input_password'

2018-05-09 16:17:45 - [TEST_STEP][PASSED] - click: Object: 'Object Repository/Page_Login/button_Login' is clicked on

2018-05-09 16:17:45 - [MESSAGE][PASSED] - Object: 'Object Repository/Page_Login/button_Login' is clicked on

2018-05-09 16:17:45 - [TEST_STEP][PASSED] - verifyElementText: Actual text and expected text of test object 'Object Repository/Page_Product/h5_Garden' are matched.

2018-05-09 16:17:46 - [MESSAGE][PASSED] - Actual text and expected text of test object 'Object Repository/Page_Product/h5_Garden' are matched.

2018-05-09 16:17:46 - [TEST_STEP][PASSED] - verifyElementText: Actual text and expected text of test object 'Object Repository/Page_Product/h5_Banana' are matched.

2018-05-09 16:17:46 - [MESSAGE][PASSED] - Actual text and expected text of test object 'Object Repository/Page_Product/h5_Banana' are matched.

2018-05-09 16:17:46 - [TEST_STEP][PASSED] - verifyElementText: Actual text and expected text of test object 'Object Repository/Page_Product/h5_Orange' are matched.

2018-05-09 16:17:46 - [MESSAGE][PASSED] - Actual text and expected text of test object 'Object Repository/Page_Product/h5_Orange' are matched.

2018-05-09 16:17:46 - [TEST_STEP][PASSED] - verifyElementText: Actual text and expected text of test object 'Object Repository/Page_Product/h5_Papaya' are matched.

2018-05-09 16:17:46 - [MESSAGE][PASSED] - Actual text and expected text of test object 'Object Repository/Page_Product/h5_Papaya' are matched.

2018-05-09 16:17:46 - [TEST_STEP][PASSED] - verifyElementText: Actual text and expected text of test object 'Object Repository/Page_Product/h5_Rambutan' are matched.

2018-05-09 16:17:46 - [MESSAGE][PASSED] - Actual text and expected text of test object 'Object Repository/Page_Product/h5_Rambutan' are matched.

2018-05-09 16:17:46 - [TEST_STEP][PASSED] - closeBrowser: Browser is closed

2018-05-09 16:17:47 - [MESSAGE][PASSED] - Browser is closed]]></system-out>
         <system-err><![CDATA[]]></system-err>
      </testcase>
      <testcase name="Test Cases/TESTCASE-A" classname="Test Cases/TESTCASE-A" status="PASSED">
         <system-out><![CDATA[2018-05-09 16:17:47 - [TEST_CASE][PASSED] - Test Cases/TESTCASE-A: Test Cases/TESTCASE-A

2018-05-09 16:17:47 - [TEST_STEP][PASSED] - openBrowser: Browser is opened with url: ''

2018-05-09 16:17:49 - [MESSAGE][PASSED] - Browser is opened with url: ''

2018-05-09 16:17:49 - [TEST_STEP][PASSED] - navigateToUrl: Navigate to 'http://52.39.163.150:8091/' successfully

2018-05-09 16:18:07 - [MESSAGE][PASSED] - Navigate to 'http://52.39.163.150:8091/' successfully

2018-05-09 16:18:07 - [TEST_STEP][PASSED] - setText: Text 'hello' is set on object 'Object Repository/Page_Login/input_username'

2018-05-09 16:18:07 - [MESSAGE][PASSED] - Text 'hello' is set on object 'Object Repository/Page_Login/input_username'

2018-05-09 16:18:07 - [TEST_STEP][PASSED] - setText: Text 'hello' is set on object 'Object Repository/Page_Login/input_password'

2018-05-09 16:18:07 - [MESSAGE][PASSED] - Text 'hello' is set on object 'Object Repository/Page_Login/input_password'

2018-05-09 16:18:07 - [TEST_STEP][PASSED] - click: Object: 'Object Repository/Page_Login/button_Login' is clicked on

2018-05-09 16:18:07 - [MESSAGE][PASSED] - Object: 'Object Repository/Page_Login/button_Login' is clicked on

2018-05-09 16:18:07 - [TEST_STEP][PASSED] - verifyElementText: Actual text and expected text of test object 'Object Repository/Page_Product/h5_Garden' are matched.

2018-05-09 16:18:09 - [MESSAGE][PASSED] - Actual text and expected text of test object 'Object Repository/Page_Product/h5_Garden' are matched.

2018-05-09 16:18:09 - [TEST_STEP][PASSED] - verifyElementText: Actual text and expected text of test object 'Object Repository/Page_Product/h5_Banana' are matched.

2018-05-09 16:18:09 - [MESSAGE][PASSED] - Actual text and expected text of test object 'Object Repository/Page_Product/h5_Banana' are matched.

2018-05-09 16:18:09 - [TEST_STEP][PASSED] - verifyElementText: Actual text and expected text of test object 'Object Repository/Page_Product/h5_Orange' are matched.

2018-05-09 16:18:09 - [MESSAGE][PASSED] - Actual text and expected text of test object 'Object Repository/Page_Product/h5_Orange' are matched.

2018-05-09 16:18:09 - [TEST_STEP][PASSED] - verifyElementText: Actual text and expected text of test object 'Object Repository/Page_Product/h5_Papaya' are matched.

2018-05-09 16:18:09 - [MESSAGE][PASSED] - Actual text and expected text of test object 'Object Repository/Page_Product/h5_Papaya' are matched.

2018-05-09 16:18:09 - [TEST_STEP][PASSED] - verifyElementText: Actual text and expected text of test object 'Object Repository/Page_Product/h5_Rambutan' are matched.

2018-05-09 16:18:09 - [MESSAGE][PASSED] - Actual text and expected text of test object 'Object Repository/Page_Product/h5_Rambutan' are matched.

2018-05-09 16:18:09 - [TEST_STEP][PASSED] - closeBrowser: Browser is closed

2018-05-09 16:18:09 - [MESSAGE][PASSED] - Browser is closed]]></system-out>
         <system-err><![CDATA[]]></system-err>
      </testcase>
      <system-out><![CDATA[2018-05-09 16:17:01 - [TEST_SUITE][PASSED] - TestShowAllProductsInProductsPage: Test Cases/TESTCASE-A]]></system-out>
      <system-err><![CDATA[]]></system-err>
   </testsuite>
</testsuites>
