<?xml version="1.0" encoding="UTF-8"?>
<testsuites name="TestLogout" time="129" tests="3" failures="0" errors="0">
   <testsuite name="TestLogout" tests="3" failures="0" errors="0" time="129" timestamp="2018-05-09 15:05:51" hostname="weapon - DESKTOP-GLFQATP" id="Test Suites/TestLogout">
      <properties>
         <property name="deviceName" value=""/>
         <property name="devicePlatform" value=""/>
         <property name="logFolder" value="C:\\Users\\weapon\\Desktop\\SE234-project\\Reports\\TestLogout\\20180509_150540"/>
         <property name="logFiles" value="C:\\Users\\weapon\\Desktop\\SE234-project\\Reports\\TestLogout\\20180509_150540\\execution0.log"/>
         <property name="attachments" value=""/>
         <property name="hostName" value="weapon - DESKTOP-GLFQATP"/>
         <property name="os" value="Windows 10 64bit"/>
         <property name="katalonVersion" value="5.3.1.1"/>
         <property name="browser" value="Chrome 65.0.3325.181"/>
         <property name="hostAddress" value="192.168.191.1"/>
         <property name="sessionId" value="296c57271e2649907a107ed12032bc30"/>
         <property name="seleniumVersion" value="3.7.1"/>
         <property name="proxyInformation" value="ProxyInformation{proxyOption=NO_PROXY, proxyServerType=HTTP, password=, proxyServerAddress=, proxyServerPort=0}"/>
         <property name="platform" value="Windows 10"/>
      </properties>
      <testcase name="Test Cases/TESTCASE-D" classname="Test Cases/TESTCASE-D" status="PASSED">
         <system-out><![CDATA[2018-05-09 15:05:52 - [TEST_CASE][PASSED] - Test Cases/TESTCASE-D: Test Cases/TESTCASE-D

2018-05-09 15:05:52 - [TEST_STEP][PASSED] - openBrowser: Browser is opened with url: ''

2018-05-09 15:05:57 - [MESSAGE][PASSED] - Browser is opened with url: ''

2018-05-09 15:05:57 - [TEST_STEP][PASSED] - navigateToUrl: Navigate to 'http://52.39.163.150:8091/' successfully

2018-05-09 15:06:36 - [MESSAGE][PASSED] - Navigate to 'http://52.39.163.150:8091/' successfully

2018-05-09 15:06:36 - [TEST_STEP][PASSED] - setText: Text 'admin' is set on object 'Object Repository/Page_ProjectBackend (1)/input_username'

2018-05-09 15:06:37 - [MESSAGE][PASSED] - Text 'admin' is set on object 'Object Repository/Page_ProjectBackend (1)/input_username'

2018-05-09 15:06:37 - [TEST_STEP][PASSED] - setText: Text 'admin' is set on object 'Object Repository/Page_ProjectBackend (1)/input_password'

2018-05-09 15:06:37 - [MESSAGE][PASSED] - Text 'admin' is set on object 'Object Repository/Page_ProjectBackend (1)/input_password'

2018-05-09 15:06:37 - [TEST_STEP][PASSED] - click: Object: 'Object Repository/Page_ProjectBackend (1)/button_Login' is clicked on

2018-05-09 15:06:37 - [MESSAGE][PASSED] - Object: 'Object Repository/Page_ProjectBackend (1)/button_Login' is clicked on

2018-05-09 15:06:38 - [TEST_STEP][PASSED] - click: Object: 'Object Repository/Page_ProjectBackend (1)/button_Logout' is clicked on

2018-05-09 15:06:39 - [MESSAGE][PASSED] - Object: 'Object Repository/Page_ProjectBackend (1)/button_Logout' is clicked on

2018-05-09 15:06:39 - [TEST_STEP][PASSED] - verifyElementText: Actual text and expected text of test object 'Object Repository/Page_ProjectBackend (1)/h2_Login' are matched.

2018-05-09 15:06:39 - [MESSAGE][PASSED] - Actual text and expected text of test object 'Object Repository/Page_ProjectBackend (1)/h2_Login' are matched.

2018-05-09 15:06:39 - [TEST_STEP][PASSED] - closeBrowser: Browser is closed

2018-05-09 15:06:40 - [MESSAGE][PASSED] - Browser is closed]]></system-out>
         <system-err><![CDATA[]]></system-err>
      </testcase>
      <testcase name="Test Cases/TESTCASE-D" classname="Test Cases/TESTCASE-D" status="PASSED">
         <system-out><![CDATA[2018-05-09 15:06:40 - [TEST_CASE][PASSED] - Test Cases/TESTCASE-D: Test Cases/TESTCASE-D

2018-05-09 15:06:40 - [TEST_STEP][PASSED] - openBrowser: Browser is opened with url: ''

2018-05-09 15:06:44 - [MESSAGE][PASSED] - Browser is opened with url: ''

2018-05-09 15:06:44 - [TEST_STEP][PASSED] - navigateToUrl: Navigate to 'http://52.39.163.150:8091/' successfully

2018-05-09 15:07:13 - [MESSAGE][PASSED] - Navigate to 'http://52.39.163.150:8091/' successfully

2018-05-09 15:07:13 - [TEST_STEP][PASSED] - setText: Text 'user' is set on object 'Object Repository/Page_ProjectBackend (1)/input_username'

2018-05-09 15:07:13 - [MESSAGE][PASSED] - Text 'user' is set on object 'Object Repository/Page_ProjectBackend (1)/input_username'

2018-05-09 15:07:13 - [TEST_STEP][PASSED] - setText: Text 'user' is set on object 'Object Repository/Page_ProjectBackend (1)/input_password'

2018-05-09 15:07:14 - [MESSAGE][PASSED] - Text 'user' is set on object 'Object Repository/Page_ProjectBackend (1)/input_password'

2018-05-09 15:07:14 - [TEST_STEP][PASSED] - click: Object: 'Object Repository/Page_ProjectBackend (1)/button_Login' is clicked on

2018-05-09 15:07:14 - [MESSAGE][PASSED] - Object: 'Object Repository/Page_ProjectBackend (1)/button_Login' is clicked on

2018-05-09 15:07:14 - [TEST_STEP][PASSED] - click: Object: 'Object Repository/Page_ProjectBackend (1)/button_Logout' is clicked on

2018-05-09 15:07:15 - [MESSAGE][PASSED] - Object: 'Object Repository/Page_ProjectBackend (1)/button_Logout' is clicked on

2018-05-09 15:07:15 - [TEST_STEP][PASSED] - verifyElementText: Actual text and expected text of test object 'Object Repository/Page_ProjectBackend (1)/h2_Login' are matched.

2018-05-09 15:07:15 - [MESSAGE][PASSED] - Actual text and expected text of test object 'Object Repository/Page_ProjectBackend (1)/h2_Login' are matched.

2018-05-09 15:07:15 - [TEST_STEP][PASSED] - closeBrowser: Browser is closed

2018-05-09 15:07:16 - [MESSAGE][PASSED] - Browser is closed]]></system-out>
         <system-err><![CDATA[]]></system-err>
      </testcase>
      <testcase name="Test Cases/TESTCASE-D" classname="Test Cases/TESTCASE-D" status="PASSED">
         <system-out><![CDATA[2018-05-09 15:07:16 - [TEST_CASE][PASSED] - Test Cases/TESTCASE-D: Test Cases/TESTCASE-D

2018-05-09 15:07:16 - [TEST_STEP][PASSED] - openBrowser: Browser is opened with url: ''

2018-05-09 15:07:20 - [MESSAGE][PASSED] - Browser is opened with url: ''

2018-05-09 15:07:20 - [TEST_STEP][PASSED] - navigateToUrl: Navigate to 'http://52.39.163.150:8091/' successfully

2018-05-09 15:07:54 - [MESSAGE][PASSED] - Navigate to 'http://52.39.163.150:8091/' successfully

2018-05-09 15:07:54 - [TEST_STEP][PASSED] - setText: Text 'hello' is set on object 'Object Repository/Page_ProjectBackend (1)/input_username'

2018-05-09 15:07:54 - [MESSAGE][PASSED] - Text 'hello' is set on object 'Object Repository/Page_ProjectBackend (1)/input_username'

2018-05-09 15:07:54 - [TEST_STEP][PASSED] - setText: Text 'hello' is set on object 'Object Repository/Page_ProjectBackend (1)/input_password'

2018-05-09 15:07:54 - [MESSAGE][PASSED] - Text 'hello' is set on object 'Object Repository/Page_ProjectBackend (1)/input_password'

2018-05-09 15:07:54 - [TEST_STEP][PASSED] - click: Object: 'Object Repository/Page_ProjectBackend (1)/button_Login' is clicked on

2018-05-09 15:07:55 - [MESSAGE][PASSED] - Object: 'Object Repository/Page_ProjectBackend (1)/button_Login' is clicked on

2018-05-09 15:07:55 - [TEST_STEP][PASSED] - click: Object: 'Object Repository/Page_ProjectBackend (1)/button_Logout' is clicked on

2018-05-09 15:07:59 - [MESSAGE][PASSED] - Object: 'Object Repository/Page_ProjectBackend (1)/button_Logout' is clicked on

2018-05-09 15:07:59 - [TEST_STEP][PASSED] - verifyElementText: Actual text and expected text of test object 'Object Repository/Page_ProjectBackend (1)/h2_Login' are matched.

2018-05-09 15:07:59 - [MESSAGE][PASSED] - Actual text and expected text of test object 'Object Repository/Page_ProjectBackend (1)/h2_Login' are matched.

2018-05-09 15:07:59 - [TEST_STEP][PASSED] - closeBrowser: Browser is closed

2018-05-09 15:08:00 - [MESSAGE][PASSED] - Browser is closed]]></system-out>
         <system-err><![CDATA[]]></system-err>
      </testcase>
      <system-out><![CDATA[2018-05-09 15:05:51 - [TEST_SUITE][PASSED] - TestLogout: Test Cases/TESTCASE-D]]></system-out>
      <system-err><![CDATA[]]></system-err>
   </testsuite>
</testsuites>
