<?xml version="1.0" encoding="UTF-8"?>
<testsuites name="TestAdminLoginShowMenus" time="17" tests="1" failures="0" errors="0">
   <testsuite name="TestAdminLoginShowMenus" tests="1" failures="0" errors="0" time="17" timestamp="2018-05-09 11:31:03" hostname="weapon - 10.80.153.230" id="Test Suites/TestAdminLoginShowMenus">
      <properties>
         <property name="deviceName" value=""/>
         <property name="devicePlatform" value=""/>
         <property name="logFolder" value="C:\\Users\\weapon\\Desktop\\SE234-project\\Reports\\TestAdminLoginShowMenus\\20180509_113101"/>
         <property name="logFiles" value="C:\\Users\\weapon\\Desktop\\SE234-project\\Reports\\TestAdminLoginShowMenus\\20180509_113101\\execution0.log"/>
         <property name="attachments" value=""/>
         <property name="hostName" value="weapon - 10.80.153.230"/>
         <property name="os" value="Windows 10 64bit"/>
         <property name="katalonVersion" value="5.3.1.1"/>
         <property name="browser" value="Chrome 65.0.3325.181"/>
         <property name="hostAddress" value="10.80.153.230"/>
         <property name="sessionId" value="fd6c0e7d7f810ece2d1a9759e0c1c150"/>
         <property name="seleniumVersion" value="3.7.1"/>
         <property name="proxyInformation" value="ProxyInformation{proxyOption=NO_PROXY, proxyServerType=HTTP, password=, proxyServerAddress=, proxyServerPort=0}"/>
         <property name="platform" value="Windows 10"/>
      </properties>
      <testcase name="Test Cases/TESTCASE2" classname="Test Cases/TESTCASE2" status="PASSED">
         <system-out><![CDATA[2018-05-09 11:31:04 - [TEST_CASE][PASSED] - Test Cases/TESTCASE2: Test Cases/TESTCASE2

2018-05-09 11:31:04 - [TEST_STEP][PASSED] - openBrowser: Browser is opened with url: ''

2018-05-09 11:31:09 - [MESSAGE][PASSED] - Browser is opened with url: ''

2018-05-09 11:31:09 - [TEST_STEP][PASSED] - navigateToUrl: Navigate to 'http://52.39.163.150:8091/' successfully

2018-05-09 11:31:17 - [MESSAGE][PASSED] - Navigate to 'http://52.39.163.150:8091/' successfully

2018-05-09 11:31:17 - [TEST_STEP][PASSED] - setText: Text 'admin' is set on object 'Object Repository/Page_Login/input_username'

2018-05-09 11:31:17 - [MESSAGE][PASSED] - Text 'admin' is set on object 'Object Repository/Page_Login/input_username'

2018-05-09 11:31:17 - [TEST_STEP][PASSED] - setText: Text 'admin' is set on object 'Object Repository/Page_Login/input_password'

2018-05-09 11:31:18 - [MESSAGE][PASSED] - Text 'admin' is set on object 'Object Repository/Page_Login/input_password'

2018-05-09 11:31:18 - [TEST_STEP][PASSED] - click: Object: 'Object Repository/Page_Login/button_Login' is clicked on

2018-05-09 11:31:18 - [MESSAGE][PASSED] - Object: 'Object Repository/Page_Login/button_Login' is clicked on

2018-05-09 11:31:18 - [TEST_STEP][PASSED] - verifyElementClickable: Object 'Object Repository/Page_Admin/Product_Menu' is clickable

2018-05-09 11:31:19 - [MESSAGE][PASSED] - Object 'Object Repository/Page_Admin/Product_Menu' is clickable

2018-05-09 11:31:19 - [TEST_STEP][PASSED] - verifyElementText: Actual text and expected text of test object 'Object Repository/Page_Admin/Product_Menu' are matched.

2018-05-09 11:31:19 - [MESSAGE][PASSED] - Actual text and expected text of test object 'Object Repository/Page_Admin/Product_Menu' are matched.

2018-05-09 11:31:19 - [TEST_STEP][PASSED] - verifyElementClickable: Object 'Object Repository/Page_Admin/Total Transaction_Menu' is clickable

2018-05-09 11:31:19 - [MESSAGE][PASSED] - Object 'Object Repository/Page_Admin/Total Transaction_Menu' is clickable

2018-05-09 11:31:19 - [TEST_STEP][PASSED] - verifyElementText: Actual text and expected text of test object 'Object Repository/Page_Admin/Total Transaction_Menu' are matched.

2018-05-09 11:31:19 - [MESSAGE][PASSED] - Actual text and expected text of test object 'Object Repository/Page_Admin/Total Transaction_Menu' are matched.

2018-05-09 11:31:19 - [TEST_STEP][PASSED] - closeBrowser: Browser is closed

2018-05-09 11:31:20 - [MESSAGE][PASSED] - Browser is closed]]></system-out>
         <system-err><![CDATA[]]></system-err>
      </testcase>
      <system-out><![CDATA[2018-05-09 11:31:03 - [TEST_SUITE][PASSED] - TestAdminLoginShowMenus: Test Cases/TESTCASE2]]></system-out>
      <system-err><![CDATA[]]></system-err>
   </testsuite>
</testsuites>
