<?xml version="1.0" encoding="UTF-8"?>
<testsuites name="TestLogout" time="209" tests="3" failures="0" errors="0">
   <testsuite name="TestLogout" tests="3" failures="0" errors="0" time="209" timestamp="2018-05-09 15:51:23" hostname="ASUS - 10.80.151.231" id="Test Suites/TestLogout">
      <properties>
         <property name="deviceName" value=""/>
         <property name="devicePlatform" value=""/>
         <property name="logFolder" value="C:\\Users\\ASUS\\Katalon Studio\\SE234-project\\Reports\\TestLogout\\20180509_155120"/>
         <property name="logFiles" value="C:\\Users\\ASUS\\Katalon Studio\\SE234-project\\Reports\\TestLogout\\20180509_155120\\execution0.log"/>
         <property name="attachments" value=""/>
         <property name="hostName" value="ASUS - 10.80.151.231"/>
         <property name="os" value="Windows 10 64bit"/>
         <property name="katalonVersion" value="5.3.1.1"/>
         <property name="browser" value="Chrome 66.0.3359.139"/>
         <property name="hostAddress" value="10.80.151.231"/>
         <property name="sessionId" value="2d1632dc501baacdd09bcc88766ab4cd"/>
         <property name="seleniumVersion" value="3.7.1"/>
         <property name="proxyInformation" value="ProxyInformation{proxyOption=NO_PROXY, proxyServerType=HTTP, password=, proxyServerAddress=, proxyServerPort=0}"/>
         <property name="platform" value="Windows 10"/>
      </properties>
      <testcase name="Test Cases/TESTCASE-D" classname="Test Cases/TESTCASE-D" status="PASSED">
         <system-out><![CDATA[2018-05-09 15:51:23 - [TEST_CASE][PASSED] - Test Cases/TESTCASE-D: Test Cases/TESTCASE-D

2018-05-09 15:51:23 - [TEST_STEP][PASSED] - openBrowser: Browser is opened with url: ''

2018-05-09 15:51:26 - [MESSAGE][PASSED] - Browser is opened with url: ''

2018-05-09 15:51:26 - [TEST_STEP][PASSED] - navigateToUrl: Navigate to 'http://52.39.163.150:8091/' successfully

2018-05-09 15:52:30 - [MESSAGE][PASSED] - Navigate to 'http://52.39.163.150:8091/' successfully

2018-05-09 15:52:30 - [TEST_STEP][PASSED] - setText: Text 'admin' is set on object 'Object Repository/Page_ProjectBackend (1)/input_username'

2018-05-09 15:52:31 - [MESSAGE][PASSED] - Text 'admin' is set on object 'Object Repository/Page_ProjectBackend (1)/input_username'

2018-05-09 15:52:31 - [TEST_STEP][PASSED] - setText: Text 'admin' is set on object 'Object Repository/Page_ProjectBackend (1)/input_password'

2018-05-09 15:52:31 - [MESSAGE][PASSED] - Text 'admin' is set on object 'Object Repository/Page_ProjectBackend (1)/input_password'

2018-05-09 15:52:31 - [TEST_STEP][PASSED] - click: Object: 'Object Repository/Page_ProjectBackend (1)/button_Login' is clicked on

2018-05-09 15:52:31 - [MESSAGE][PASSED] - Object: 'Object Repository/Page_ProjectBackend (1)/button_Login' is clicked on

2018-05-09 15:52:31 - [TEST_STEP][PASSED] - click: Object: 'Object Repository/Page_ProjectBackend (1)/button_Logout' is clicked on

2018-05-09 15:52:32 - [MESSAGE][PASSED] - Object: 'Object Repository/Page_ProjectBackend (1)/button_Logout' is clicked on

2018-05-09 15:52:32 - [TEST_STEP][PASSED] - verifyElementText: Actual text and expected text of test object 'Object Repository/Page_ProjectBackend (1)/h2_Login' are matched.

2018-05-09 15:52:32 - [MESSAGE][PASSED] - Actual text and expected text of test object 'Object Repository/Page_ProjectBackend (1)/h2_Login' are matched.

2018-05-09 15:52:32 - [TEST_STEP][PASSED] - closeBrowser: Browser is closed

2018-05-09 15:52:33 - [MESSAGE][PASSED] - Browser is closed]]></system-out>
         <system-err><![CDATA[]]></system-err>
      </testcase>
      <testcase name="Test Cases/TESTCASE-D" classname="Test Cases/TESTCASE-D" status="PASSED">
         <system-out><![CDATA[2018-05-09 15:52:33 - [TEST_CASE][PASSED] - Test Cases/TESTCASE-D: Test Cases/TESTCASE-D

2018-05-09 15:52:33 - [TEST_STEP][PASSED] - openBrowser: Browser is opened with url: ''

2018-05-09 15:52:35 - [MESSAGE][PASSED] - Browser is opened with url: ''

2018-05-09 15:52:35 - [TEST_STEP][PASSED] - navigateToUrl: Navigate to 'http://52.39.163.150:8091/' successfully

2018-05-09 15:53:57 - [MESSAGE][PASSED] - Navigate to 'http://52.39.163.150:8091/' successfully

2018-05-09 15:53:57 - [TEST_STEP][PASSED] - setText: Text 'user' is set on object 'Object Repository/Page_ProjectBackend (1)/input_username'

2018-05-09 15:53:57 - [MESSAGE][PASSED] - Text 'user' is set on object 'Object Repository/Page_ProjectBackend (1)/input_username'

2018-05-09 15:53:57 - [TEST_STEP][PASSED] - setText: Text 'user' is set on object 'Object Repository/Page_ProjectBackend (1)/input_password'

2018-05-09 15:53:57 - [MESSAGE][PASSED] - Text 'user' is set on object 'Object Repository/Page_ProjectBackend (1)/input_password'

2018-05-09 15:53:57 - [TEST_STEP][PASSED] - click: Object: 'Object Repository/Page_ProjectBackend (1)/button_Login' is clicked on

2018-05-09 15:53:58 - [MESSAGE][PASSED] - Object: 'Object Repository/Page_ProjectBackend (1)/button_Login' is clicked on

2018-05-09 15:53:58 - [TEST_STEP][PASSED] - click: Object: 'Object Repository/Page_ProjectBackend (1)/button_Logout' is clicked on

2018-05-09 15:53:59 - [MESSAGE][PASSED] - Object: 'Object Repository/Page_ProjectBackend (1)/button_Logout' is clicked on

2018-05-09 15:53:59 - [TEST_STEP][PASSED] - verifyElementText: Actual text and expected text of test object 'Object Repository/Page_ProjectBackend (1)/h2_Login' are matched.

2018-05-09 15:53:59 - [MESSAGE][PASSED] - Actual text and expected text of test object 'Object Repository/Page_ProjectBackend (1)/h2_Login' are matched.

2018-05-09 15:53:59 - [TEST_STEP][PASSED] - closeBrowser: Browser is closed

2018-05-09 15:53:59 - [MESSAGE][PASSED] - Browser is closed]]></system-out>
         <system-err><![CDATA[]]></system-err>
      </testcase>
      <testcase name="Test Cases/TESTCASE-D" classname="Test Cases/TESTCASE-D" status="PASSED">
         <system-out><![CDATA[2018-05-09 15:53:59 - [TEST_CASE][PASSED] - Test Cases/TESTCASE-D: Test Cases/TESTCASE-D

2018-05-09 15:53:59 - [TEST_STEP][PASSED] - openBrowser: Browser is opened with url: ''

2018-05-09 15:54:01 - [MESSAGE][PASSED] - Browser is opened with url: ''

2018-05-09 15:54:01 - [TEST_STEP][PASSED] - navigateToUrl: Navigate to 'http://52.39.163.150:8091/' successfully

2018-05-09 15:54:49 - [MESSAGE][PASSED] - Navigate to 'http://52.39.163.150:8091/' successfully

2018-05-09 15:54:49 - [TEST_STEP][PASSED] - setText: Text 'hello' is set on object 'Object Repository/Page_ProjectBackend (1)/input_username'

2018-05-09 15:54:49 - [MESSAGE][PASSED] - Text 'hello' is set on object 'Object Repository/Page_ProjectBackend (1)/input_username'

2018-05-09 15:54:49 - [TEST_STEP][PASSED] - setText: Text 'hello' is set on object 'Object Repository/Page_ProjectBackend (1)/input_password'

2018-05-09 15:54:49 - [MESSAGE][PASSED] - Text 'hello' is set on object 'Object Repository/Page_ProjectBackend (1)/input_password'

2018-05-09 15:54:49 - [TEST_STEP][PASSED] - click: Object: 'Object Repository/Page_ProjectBackend (1)/button_Login' is clicked on

2018-05-09 15:54:49 - [MESSAGE][PASSED] - Object: 'Object Repository/Page_ProjectBackend (1)/button_Login' is clicked on

2018-05-09 15:54:49 - [TEST_STEP][PASSED] - click: Object: 'Object Repository/Page_ProjectBackend (1)/button_Logout' is clicked on

2018-05-09 15:54:51 - [MESSAGE][PASSED] - Object: 'Object Repository/Page_ProjectBackend (1)/button_Logout' is clicked on

2018-05-09 15:54:51 - [TEST_STEP][PASSED] - verifyElementText: Actual text and expected text of test object 'Object Repository/Page_ProjectBackend (1)/h2_Login' are matched.

2018-05-09 15:54:51 - [MESSAGE][PASSED] - Actual text and expected text of test object 'Object Repository/Page_ProjectBackend (1)/h2_Login' are matched.

2018-05-09 15:54:51 - [TEST_STEP][PASSED] - closeBrowser: Browser is closed

2018-05-09 15:54:52 - [MESSAGE][PASSED] - Browser is closed]]></system-out>
         <system-err><![CDATA[]]></system-err>
      </testcase>
      <system-out><![CDATA[2018-05-09 15:51:23 - [TEST_SUITE][PASSED] - TestLogout: Test Cases/TESTCASE-D]]></system-out>
      <system-err><![CDATA[]]></system-err>
   </testsuite>
</testsuites>
