<?xml version="1.0" encoding="UTF-8"?>
<testsuites name="TestCheckTransacation" time="29" tests="1" failures="0" errors="0">
   <testsuite name="TestCheckTransacation" tests="1" failures="0" errors="0" time="29" timestamp="2018-05-09 14:39:30" hostname="weapon - 10.80.153.230" id="Test Suites/TestCheckTransacation">
      <properties>
         <property name="deviceName" value=""/>
         <property name="devicePlatform" value=""/>
         <property name="logFolder" value="C:\\Users\\weapon\\Desktop\\SE234-project\\Reports\\TestCheckTransacation\\20180509_143928"/>
         <property name="logFiles" value="C:\\Users\\weapon\\Desktop\\SE234-project\\Reports\\TestCheckTransacation\\20180509_143928\\execution0.log"/>
         <property name="attachments" value=""/>
         <property name="hostName" value="weapon - 10.80.153.230"/>
         <property name="os" value="Windows 10 64bit"/>
         <property name="katalonVersion" value="5.3.1.1"/>
         <property name="browser" value="Chrome 65.0.3325.181"/>
         <property name="hostAddress" value="10.80.153.230"/>
         <property name="sessionId" value="b180c7f96f1d399d96f12a8a4d585585"/>
         <property name="seleniumVersion" value="3.7.1"/>
         <property name="proxyInformation" value="ProxyInformation{proxyOption=NO_PROXY, proxyServerType=HTTP, password=, proxyServerAddress=, proxyServerPort=0}"/>
         <property name="platform" value="Windows 10"/>
      </properties>
      <testcase name="Test Cases/TESTCASE-C" classname="Test Cases/TESTCASE-C" status="PASSED">
         <system-out><![CDATA[2018-05-09 14:39:31 - [TEST_CASE][PASSED] - Test Cases/TESTCASE-C: Test Cases/TESTCASE-C

2018-05-09 14:39:31 - [TEST_STEP][PASSED] - openBrowser: Browser is opened with url: ''

2018-05-09 14:39:36 - [MESSAGE][PASSED] - Browser is opened with url: ''

2018-05-09 14:39:36 - [TEST_STEP][PASSED] - navigateToUrl: Navigate to 'http://52.39.163.150:8091/' successfully

2018-05-09 14:39:54 - [MESSAGE][PASSED] - Navigate to 'http://52.39.163.150:8091/' successfully

2018-05-09 14:39:54 - [TEST_STEP][PASSED] - setText: Text 'user' is set on object 'Object Repository/Page_CheckTransacationAfterAddProducts/input_username'

2018-05-09 14:39:54 - [MESSAGE][PASSED] - Text 'user' is set on object 'Object Repository/Page_CheckTransacationAfterAddProducts/input_username'

2018-05-09 14:39:54 - [TEST_STEP][PASSED] - setText: Text 'user' is set on object 'Object Repository/Page_CheckTransacationAfterAddProducts/input_password'

2018-05-09 14:39:54 - [MESSAGE][PASSED] - Text 'user' is set on object 'Object Repository/Page_CheckTransacationAfterAddProducts/input_password'

2018-05-09 14:39:54 - [TEST_STEP][PASSED] - click: Object: 'Object Repository/Page_CheckTransacationAfterAddProducts/button_Login' is clicked on

2018-05-09 14:39:54 - [MESSAGE][PASSED] - Object: 'Object Repository/Page_CheckTransacationAfterAddProducts/button_Login' is clicked on

2018-05-09 14:39:54 - [TEST_STEP][PASSED] - verifyElementText: Actual text and expected text of test object 'Object Repository/Page_CheckTransacationAfterAddProducts/h5_Garden' are matched.

2018-05-09 14:39:56 - [MESSAGE][PASSED] - Actual text and expected text of test object 'Object Repository/Page_CheckTransacationAfterAddProducts/h5_Garden' are matched.

2018-05-09 14:39:56 - [TEST_STEP][PASSED] - click: Object: 'Object Repository/Page_CheckTransacationAfterAddProducts/button_add to cart' is clicked on

2018-05-09 14:39:56 - [MESSAGE][PASSED] - Object: 'Object Repository/Page_CheckTransacationAfterAddProducts/button_add to cart' is clicked on

2018-05-09 14:39:56 - [TEST_STEP][PASSED] - click: Object: 'Object Repository/Page_CheckTransacationAfterAddProducts/a_Carts            1' is clicked on

2018-05-09 14:39:56 - [MESSAGE][PASSED] - Object: 'Object Repository/Page_CheckTransacationAfterAddProducts/a_Carts            1' is clicked on

2018-05-09 14:39:56 - [TEST_STEP][PASSED] - verifyElementText: Actual text and expected text of test object 'Object Repository/Page_CheckTransacationAfterAddProducts/td_Garden' are matched.

2018-05-09 14:39:56 - [MESSAGE][PASSED] - Actual text and expected text of test object 'Object Repository/Page_CheckTransacationAfterAddProducts/td_Garden' are matched.

2018-05-09 14:39:56 - [TEST_STEP][PASSED] - setText: Text '2' is set on object 'Object Repository/Page_CheckTransacationAfterAddProducts/input_amount'

2018-05-09 14:39:56 - [MESSAGE][PASSED] - Text '2' is set on object 'Object Repository/Page_CheckTransacationAfterAddProducts/input_amount'

2018-05-09 14:39:56 - [TEST_STEP][PASSED] - click: Object: 'Object Repository/Page_CheckTransacationAfterAddProducts/button_confirm' is clicked on

2018-05-09 14:39:56 - [MESSAGE][PASSED] - Object: 'Object Repository/Page_CheckTransacationAfterAddProducts/button_confirm' is clicked on

2018-05-09 14:39:56 - [TEST_STEP][PASSED] - acceptAlert: Alert accepted

2018-05-09 14:39:56 - [MESSAGE][PASSED] - Alert accepted

2018-05-09 14:39:56 - [TEST_STEP][PASSED] - click: Object: 'Object Repository/Page_CheckTransacationAfterAddProducts/button_Logout' is clicked on

2018-05-09 14:39:57 - [MESSAGE][PASSED] - Object: 'Object Repository/Page_CheckTransacationAfterAddProducts/button_Logout' is clicked on

2018-05-09 14:39:57 - [TEST_STEP][PASSED] - waitForPageLoad: Wait for page load successfully

2018-05-09 14:39:57 - [MESSAGE][WARNING] - Timeout '0' is invalid. Using default page load timeout: '30'

2018-05-09 14:39:57 - [MESSAGE][PASSED] - Wait for page load successfully

2018-05-09 14:39:57 - [TEST_STEP][PASSED] - setText: Text 'admin' is set on object 'Object Repository/Page_CheckTransacationAfterAddProducts/input_username'

2018-05-09 14:39:57 - [MESSAGE][PASSED] - Text 'admin' is set on object 'Object Repository/Page_CheckTransacationAfterAddProducts/input_username'

2018-05-09 14:39:57 - [TEST_STEP][PASSED] - setText: Text 'admin' is set on object 'Object Repository/Page_CheckTransacationAfterAddProducts/input_password'

2018-05-09 14:39:57 - [MESSAGE][PASSED] - Text 'admin' is set on object 'Object Repository/Page_CheckTransacationAfterAddProducts/input_password'

2018-05-09 14:39:57 - [TEST_STEP][PASSED] - click: Object: 'Object Repository/Page_CheckTransacationAfterAddProducts/button_Login' is clicked on

2018-05-09 14:39:57 - [MESSAGE][PASSED] - Object: 'Object Repository/Page_CheckTransacationAfterAddProducts/button_Login' is clicked on

2018-05-09 14:39:57 - [TEST_STEP][PASSED] - click: Object: 'Object Repository/Page_CheckTransacationAfterAddProducts/a_Total Transaction' is clicked on

2018-05-09 14:39:58 - [MESSAGE][PASSED] - Object: 'Object Repository/Page_CheckTransacationAfterAddProducts/a_Total Transaction' is clicked on

2018-05-09 14:39:58 - [TEST_STEP][PASSED] - verifyElementText: Actual text and expected text of test object 'Object Repository/Page_CheckTransacationAfterAddProducts/td_Garden' are matched.

2018-05-09 14:39:58 - [MESSAGE][PASSED] - Actual text and expected text of test object 'Object Repository/Page_CheckTransacationAfterAddProducts/td_Garden' are matched.

2018-05-09 14:39:58 - [TEST_STEP][PASSED] - verifyElementText: Actual text and expected text of test object 'Object Repository/Page_CheckTransacationAfterAddProducts/td_40000 THB' are matched.

2018-05-09 14:39:58 - [MESSAGE][PASSED] - Actual text and expected text of test object 'Object Repository/Page_CheckTransacationAfterAddProducts/td_40000 THB' are matched.

2018-05-09 14:39:58 - [TEST_STEP][PASSED] - closeBrowser: Browser is closed

2018-05-09 14:39:59 - [MESSAGE][PASSED] - Browser is closed]]></system-out>
         <system-err><![CDATA[]]></system-err>
      </testcase>
      <system-out><![CDATA[2018-05-09 14:39:30 - [TEST_SUITE][PASSED] - TestCheckTransacation: Test Cases/TESTCASE-C]]></system-out>
      <system-err><![CDATA[]]></system-err>
   </testsuite>
</testsuites>
