<?xml version="1.0" encoding="UTF-8"?>
<testsuites name="TestAdminLoginShowMenus" time="15" tests="1" failures="0" errors="0">
   <testsuite name="TestAdminLoginShowMenus" tests="1" failures="0" errors="0" time="15" timestamp="2018-05-09 10:52:09" hostname="ASUS - 10.80.151.231" id="Test Suites/TestAdminLoginShowMenus">
      <properties>
         <property name="deviceName" value=""/>
         <property name="devicePlatform" value=""/>
         <property name="logFolder" value="C:\\Users\\ASUS\\Katalon Studio\\SE234-project\\Reports\\TestAdminLoginShowMenus\\20180509_105207"/>
         <property name="logFiles" value="C:\\Users\\ASUS\\Katalon Studio\\SE234-project\\Reports\\TestAdminLoginShowMenus\\20180509_105207\\execution0.log"/>
         <property name="attachments" value=""/>
         <property name="hostName" value="ASUS - 10.80.151.231"/>
         <property name="os" value="Windows 10 64bit"/>
         <property name="katalonVersion" value="5.3.1.1"/>
         <property name="browser" value="Chrome 66.0.3359.139"/>
         <property name="hostAddress" value="10.80.151.231"/>
         <property name="sessionId" value="1086db8a0db09375c8ab32ad497a0dd3"/>
         <property name="seleniumVersion" value="3.7.1"/>
         <property name="proxyInformation" value="ProxyInformation{proxyOption=NO_PROXY, proxyServerType=HTTP, password=, proxyServerAddress=, proxyServerPort=0}"/>
         <property name="platform" value="Windows 10"/>
      </properties>
      <testcase name="Test Cases/TESTCASE2" classname="Test Cases/TESTCASE2" status="PASSED">
         <system-out><![CDATA[2018-05-09 10:52:09 - [TEST_CASE][PASSED] - Test Cases/TESTCASE2: Test Cases/TESTCASE2

2018-05-09 10:52:09 - [TEST_STEP][PASSED] - openBrowser: Browser is opened with url: ''

2018-05-09 10:52:12 - [MESSAGE][PASSED] - Browser is opened with url: ''

2018-05-09 10:52:12 - [TEST_STEP][PASSED] - navigateToUrl: Navigate to 'http://52.39.163.150:8091/' successfully

2018-05-09 10:52:22 - [MESSAGE][PASSED] - Navigate to 'http://52.39.163.150:8091/' successfully

2018-05-09 10:52:22 - [TEST_STEP][PASSED] - setText: Text 'admin' is set on object 'Object Repository/Page_Login/input_username'

2018-05-09 10:52:22 - [MESSAGE][PASSED] - Text 'admin' is set on object 'Object Repository/Page_Login/input_username'

2018-05-09 10:52:22 - [TEST_STEP][PASSED] - setText: Text 'admin' is set on object 'Object Repository/Page_Login/input_password'

2018-05-09 10:52:22 - [MESSAGE][PASSED] - Text 'admin' is set on object 'Object Repository/Page_Login/input_password'

2018-05-09 10:52:22 - [TEST_STEP][PASSED] - click: Object: 'Object Repository/Page_Login/button_Login' is clicked on

2018-05-09 10:52:22 - [MESSAGE][PASSED] - Object: 'Object Repository/Page_Login/button_Login' is clicked on

2018-05-09 10:52:22 - [TEST_STEP][PASSED] - verifyElementClickable: Object 'Object Repository/Page_Admin/Product_Menu' is clickable

2018-05-09 10:52:23 - [MESSAGE][PASSED] - Object 'Object Repository/Page_Admin/Product_Menu' is clickable

2018-05-09 10:52:23 - [TEST_STEP][PASSED] - verifyElementText: Actual text and expected text of test object 'Object Repository/Page_Admin/Product_Menu' are matched.

2018-05-09 10:52:23 - [MESSAGE][PASSED] - Actual text and expected text of test object 'Object Repository/Page_Admin/Product_Menu' are matched.

2018-05-09 10:52:23 - [TEST_STEP][PASSED] - verifyElementClickable: Object 'Object Repository/Page_Admin/Total Transaction_Menu' is clickable

2018-05-09 10:52:23 - [MESSAGE][PASSED] - Object 'Object Repository/Page_Admin/Total Transaction_Menu' is clickable

2018-05-09 10:52:23 - [TEST_STEP][PASSED] - verifyElementText: Actual text and expected text of test object 'Object Repository/Page_Admin/Total Transaction_Menu' are matched.

2018-05-09 10:52:23 - [MESSAGE][PASSED] - Actual text and expected text of test object 'Object Repository/Page_Admin/Total Transaction_Menu' are matched.

2018-05-09 10:52:23 - [TEST_STEP][PASSED] - closeBrowser: Browser is closed

2018-05-09 10:52:24 - [MESSAGE][PASSED] - Browser is closed]]></system-out>
         <system-err><![CDATA[]]></system-err>
      </testcase>
      <system-out><![CDATA[2018-05-09 10:52:09 - [TEST_SUITE][PASSED] - TestAdminLoginShowMenus: Test Cases/TESTCASE2]]></system-out>
      <system-err><![CDATA[]]></system-err>
   </testsuite>
</testsuites>
