<?xml version="1.0" encoding="UTF-8"?>
<testsuites name="TestShowErrorMessageAfterWrongUsernameAndPassword" time="22" tests="1" failures="0" errors="0">
   <testsuite name="TestShowErrorMessageAfterWrongUsernameAndPassword" tests="1" failures="0" errors="0" time="22" timestamp="2018-05-09 16:20:46" hostname="ASUS - 10.80.151.231" id="Test Suites/TestShowErrorMessageAfterWrongUsernameAndPassword">
      <properties>
         <property name="deviceName" value=""/>
         <property name="devicePlatform" value=""/>
         <property name="logFolder" value="C:\\Users\\ASUS\\Katalon Studio\\SE234-project\\Reports\\TestShowErrorMessageAfterWrongUsernameAndPassword\\20180509_162045"/>
         <property name="logFiles" value="C:\\Users\\ASUS\\Katalon Studio\\SE234-project\\Reports\\TestShowErrorMessageAfterWrongUsernameAndPassword\\20180509_162045\\execution0.log"/>
         <property name="attachments" value=""/>
         <property name="hostName" value="ASUS - 10.80.151.231"/>
         <property name="os" value="Windows 10 64bit"/>
         <property name="katalonVersion" value="5.3.1.1"/>
         <property name="browser" value="Chrome 66.0.3359.139"/>
         <property name="hostAddress" value="10.80.151.231"/>
         <property name="sessionId" value="e0a5aca7b0c9cb88a52367dcc6f3da91"/>
         <property name="seleniumVersion" value="3.7.1"/>
         <property name="proxyInformation" value="ProxyInformation{proxyOption=NO_PROXY, proxyServerType=HTTP, password=, proxyServerAddress=, proxyServerPort=0}"/>
         <property name="platform" value="Windows 10"/>
      </properties>
      <testcase name="Test Cases/TESTCASE5" classname="Test Cases/TESTCASE5" status="PASSED">
         <system-out><![CDATA[2018-05-09 16:20:46 - [TEST_CASE][PASSED] - Test Cases/TESTCASE5: Test Cases/TESTCASE5

2018-05-09 16:20:46 - [TEST_STEP][PASSED] - openBrowser: Browser is opened with url: ''

2018-05-09 16:20:49 - [MESSAGE][PASSED] - Browser is opened with url: ''

2018-05-09 16:20:49 - [TEST_STEP][PASSED] - navigateToUrl: Navigate to 'http://52.39.163.150:8091/' successfully

2018-05-09 16:21:06 - [MESSAGE][PASSED] - Navigate to 'http://52.39.163.150:8091/' successfully

2018-05-09 16:21:06 - [TEST_STEP][PASSED] - setText: Text 'abc' is set on object 'Object Repository/Page_Login/input_username'

2018-05-09 16:21:06 - [MESSAGE][PASSED] - Text 'abc' is set on object 'Object Repository/Page_Login/input_username'

2018-05-09 16:21:06 - [TEST_STEP][PASSED] - setText: Text 'abc' is set on object 'Object Repository/Page_Login/input_password'

2018-05-09 16:21:06 - [MESSAGE][PASSED] - Text 'abc' is set on object 'Object Repository/Page_Login/input_password'

2018-05-09 16:21:06 - [TEST_STEP][PASSED] - click: Object: 'Object Repository/Page_Login/button_Login' is clicked on

2018-05-09 16:21:07 - [MESSAGE][PASSED] - Object: 'Object Repository/Page_Login/button_Login' is clicked on

2018-05-09 16:21:07 - [TEST_STEP][PASSED] - verifyElementText: Actual text and expected text of test object 'Object Repository/Page_Login/label_Usernamepassword is inco' are matched.

2018-05-09 16:21:08 - [MESSAGE][PASSED] - Actual text and expected text of test object 'Object Repository/Page_Login/label_Usernamepassword is inco' are matched.

2018-05-09 16:21:08 - [TEST_STEP][PASSED] - closeBrowser: Browser is closed

2018-05-09 16:21:08 - [MESSAGE][PASSED] - Browser is closed]]></system-out>
         <system-err><![CDATA[]]></system-err>
      </testcase>
      <system-out><![CDATA[2018-05-09 16:20:46 - [TEST_SUITE][PASSED] - TestShowErrorMessageAfterWrongUsernameAndPassword: Test Cases/TESTCASE5]]></system-out>
      <system-err><![CDATA[]]></system-err>
   </testsuite>
</testsuites>
