<?xml version="1.0" encoding="UTF-8"?>
<testsuites name="Test Suite 2" time="12" tests="1" failures="0" errors="0">
   <testsuite name="Test Suite 2" tests="1" failures="0" errors="0" time="12" timestamp="2018-05-08 21:43:21" hostname="ASUS - DESKTOP-FD17HEO" id="Test Suites/Test Suite 2">
      <properties>
         <property name="deviceName" value=""/>
         <property name="devicePlatform" value=""/>
         <property name="logFolder" value="C:\\Users\\ASUS\\Katalon Studio\\SE234-project\\Reports\\Test Suite 2\\20180508_214317"/>
         <property name="logFiles" value="C:\\Users\\ASUS\\Katalon Studio\\SE234-project\\Reports\\Test Suite 2\\20180508_214317\\execution0.log"/>
         <property name="attachments" value=""/>
         <property name="hostName" value="ASUS - DESKTOP-FD17HEO"/>
         <property name="os" value="Windows 10 64bit"/>
         <property name="katalonVersion" value="5.3.1.1"/>
         <property name="browser" value="Chrome 66.0.3359.139"/>
         <property name="hostAddress" value="192.168.0.109"/>
         <property name="sessionId" value="f21659bd3cf2ab6c5b2fb9c0b07a5cb2"/>
         <property name="seleniumVersion" value="3.7.1"/>
         <property name="proxyInformation" value="ProxyInformation{proxyOption=NO_PROXY, proxyServerType=HTTP, password=, proxyServerAddress=, proxyServerPort=0}"/>
         <property name="platform" value="Windows 10"/>
      </properties>
      <testcase name="Test Cases/TESTCASE2" classname="Test Cases/TESTCASE2" status="PASSED">
         <system-out><![CDATA[2018-05-08 21:43:21 - [TEST_CASE][PASSED] - Test Cases/TESTCASE2: Test Cases/TESTCASE2

2018-05-08 21:43:22 - [TEST_STEP][PASSED] - openBrowser: Browser is opened with url: ''

2018-05-08 21:43:27 - [MESSAGE][PASSED] - Browser is opened with url: ''

2018-05-08 21:43:27 - [TEST_STEP][PASSED] - navigateToUrl: Navigate to 'http://52.39.163.150:8091/' successfully

2018-05-08 21:43:31 - [MESSAGE][PASSED] - Navigate to 'http://52.39.163.150:8091/' successfully

2018-05-08 21:43:31 - [TEST_STEP][PASSED] - setText: Text 'admin' is set on object 'Object Repository/Page_Login/input_username'

2018-05-08 21:43:31 - [MESSAGE][PASSED] - Text 'admin' is set on object 'Object Repository/Page_Login/input_username'

2018-05-08 21:43:31 - [TEST_STEP][PASSED] - setText: Text 'admin' is set on object 'Object Repository/Page_Login/input_password'

2018-05-08 21:43:31 - [MESSAGE][PASSED] - Text 'admin' is set on object 'Object Repository/Page_Login/input_password'

2018-05-08 21:43:31 - [TEST_STEP][PASSED] - click: Object: 'Object Repository/Page_Login/button_Login' is clicked on

2018-05-08 21:43:31 - [MESSAGE][PASSED] - Object: 'Object Repository/Page_Login/button_Login' is clicked on

2018-05-08 21:43:31 - [TEST_STEP][PASSED] - verifyElementClickable: Object 'Object Repository/Page_Admin/Product_Menu' is clickable

2018-05-08 21:43:32 - [MESSAGE][PASSED] - Object 'Object Repository/Page_Admin/Product_Menu' is clickable

2018-05-08 21:43:32 - [TEST_STEP][PASSED] - verifyElementClickable: Object 'Object Repository/Page_Admin/Total Transaction_Menu' is clickable

2018-05-08 21:43:32 - [MESSAGE][PASSED] - Object 'Object Repository/Page_Admin/Total Transaction_Menu' is clickable

2018-05-08 21:43:32 - [TEST_STEP][PASSED] - closeBrowser: Browser is closed

2018-05-08 21:43:33 - [MESSAGE][PASSED] - Browser is closed]]></system-out>
         <system-err><![CDATA[]]></system-err>
      </testcase>
      <system-out><![CDATA[2018-05-08 21:43:21 - [TEST_SUITE][PASSED] - Test Suite 2: Test Cases/TESTCASE2]]></system-out>
      <system-err><![CDATA[]]></system-err>
   </testsuite>
</testsuites>
